[0m2021.08.06 04:54:32 INFO  Started: Metals version 0.10.5 in workspace '/home/xgboost/workspace/patmat' for client coc.nvim 0.0.80.[0m
[0m2021.08.06 04:54:33 INFO  time: initialize in 1.51s[0m
[0m2021.08.06 04:54:33 WARN  Build server is not auto-connectable.[0m
[0m2021.08.06 04:54:33 WARN  no build target for: /home/xgboost/workspace/patmat/build.sbt[0m
[0m2021.08.06 04:54:37 INFO  no build target: using presentation compiler with only scala-library: 2.12.14[0m
[0m2021.08.06 04:54:38 INFO  running '/usr/lib/jvm/java-11-openjdk-amd64/bin/java -Djline.terminal=jline.UnsupportedTerminal -Dsbt.log.noformat=true -Dfile.encoding=UTF-8 -Dhttp.proxyHost=child-prc.intel.com -Dhttp.proxyPort=913 -Dhttps.proxyHost=child-prc.intel.com -Dhttps.proxyPort=913 -jar /tmp/metals3246687716727403442/sbt-launch.jar -Dbloop.export-jar-classifiers=sources bloopInstall'[0m
[0m2021.08.06 04:54:42 INFO  [info] Loading settings for project patmat-build-build-build from metals.sbt ...[0m
[0m2021.08.06 04:54:42 INFO  [info] Loading project definition from /home/xgboost/workspace/patmat/project/project/project[0m
[0m2021.08.06 04:54:44 INFO  [info] Loading settings for project patmat-build-build from metals.sbt ...[0m
[0m2021.08.06 04:54:44 INFO  [info] Loading project definition from /home/xgboost/workspace/patmat/project/project[0m
[0m2021.08.06 04:54:47 INFO  [success] Generated .bloop/patmat-build-build.json[0m
[0m2021.08.06 04:54:47 INFO  [success] Total time: 3 s, completed Aug 6, 2021, 4:54:47 AM[0m
[0m2021.08.06 04:54:47 INFO  [info] Loading settings for project patmat-build from plugins.sbt,buildSettings.sbt,metals.sbt ...[0m
[0m2021.08.06 04:54:47 INFO  [info] Loading project definition from /home/xgboost/workspace/patmat/project[0m
[0m2021.08.06 04:54:49 INFO  [success] Generated .bloop/patmat-build.json[0m
[0m2021.08.06 04:54:49 INFO  [success] Total time: 2 s, completed Aug 6, 2021, 4:54:50 AM[0m
[0m2021.08.06 04:54:50 INFO  [info] Loading settings for project patmat from build.sbt,assignment.sbt ...[0m
[0m2021.08.06 04:54:50 INFO  [info] Set current project to progfun1-patmat (in build file:/home/xgboost/workspace/patmat/)[0m
[0m2021.08.06 04:54:50 INFO  [success] Generated .bloop/patmat.json[0m
[0m2021.08.06 04:54:50 INFO  [success] Generated .bloop/patmat-test.json[0m
[0m2021.08.06 04:54:50 INFO  [success] Total time: 1 s, completed Aug 6, 2021, 4:54:51 AM[0m
[0m2021.08.06 04:54:50 INFO  sbt bloopInstall exit: 0[0m
[0m2021.08.06 04:54:51 INFO  time: ran 'sbt bloopInstall' in 13s[0m
[0m2021.08.06 04:54:51 INFO  Attempting to connect to the build server...[0m
Starting the bsp launcher for bloop...
Opening a bsp server connection with 'bsp --protocol local --socket /tmp/bsp-launcher17017422627195516128/bsp.socket'...
Waiting for the bsp connection to come up...
[0m[32m[D][0m Loading 2 projects from '/home/xgboost/workspace/patmat/.bloop'...
[0m[32m[D][0m Loading project from '/home/xgboost/workspace/patmat/.bloop/patmat.json'
[0m[32m[D][0m Loading project from '/home/xgboost/workspace/patmat/.bloop/patmat-test.json'
[0m[32m[D][0m Missing analysis file for project 'patmat-test'
[0m[32m[D][0m Missing analysis file for project 'patmat'
[0m[32m[D][0m Waiting for a connection at local:///tmp/bsp-launcher17017422627195516128/bsp.socket...
The server is listening for incoming connections at local:///tmp/bsp-launcher17017422627195516128/bsp.socket...
Starting thread that pumps stdin and redirects it to the bsp server...
Starting thread that pumps server stdout and redirects it to the client stdout...
[0m2021.08.06 04:54:51 INFO  tracing is disabled for protocol BSP, to enable tracing of incoming and outgoing JSON messages create an empty file at /home/xgboost/.cache/metals/bsp.trace.json[0m
[0m2021.08.06 04:54:51 INFO  Attempting to connect to the build server...[0m
Starting the bsp launcher for bloop...
[0m2021.08.06 04:54:51 INFO  Attempting to connect to the build server...Opening a bsp server connection with 'bsp --protocol local --socket /tmp/bsp-launcher14215337792012069355/bsp.socket'...[0m

Waiting for the bsp connection to come up...
Starting the bsp launcher for bloop...
Opening a bsp server connection with 'bsp --protocol local --socket /tmp/bsp-launcher2798215558661388846/bsp.socket'...
Waiting for the bsp connection to come up...
[0m[32m[D][0m Loading workspace settings from bloop.settings.json
[0m[32m[D][0m Waiting for a connection at local:///tmp/bsp-launcher14215337792012069355/bsp.socket...
The server is listening for incoming connections at local:///tmp/bsp-launcher14215337792012069355/bsp.socket...
[0m[32m[D][0m Loading workspace settings from bloop.settings.json
[0m[32m[D][0m Waiting for a connection at local:///tmp/bsp-launcher2798215558661388846/bsp.socket...
The server is listening for incoming connections at local:///tmp/bsp-launcher2798215558661388846/bsp.socket...
Starting thread that pumps stdin and redirects it to the bsp server...
Starting thread that pumps server stdout and redirects it to the client stdout...
Starting thread that pumps stdin and redirects it to the bsp server...
Starting thread that pumps server stdout and redirects it to the client stdout...
[0m2021.08.06 04:54:52 INFO  tracing is disabled for protocol BSP, to enable tracing of incoming and outgoing JSON messages create an empty file at /home/xgboost/.cache/metals/bsp.trace.json[0m
[0m2021.08.06 04:54:52 INFO  tracing is disabled for protocol BSP, to enable tracing of incoming and outgoing JSON messages create an empty file at /home/xgboost/.cache/metals/bsp.trace.json[0m
[0m2021.08.06 04:54:52 INFO  time: Connected to build server in 0.3s[0m
[0m2021.08.06 04:54:52 INFO  Connected to Build server: Bloop v1.4.8-19-4d9f966b[0m
[0m2021.08.06 04:54:54 WARN  Could not find java sources in None. Java symbols will not be available.[0m
[0m2021.08.06 04:54:55 INFO  time: indexed workspace in 3.54s[0m
[0m2021.08.06 04:54:55 WARN  unsupported Scala 2.12.7[0m
[0m2021.08.06 04:54:55 INFO  compiling patmat-build (2 scala sources)[0m
[0m2021.08.06 04:54:57 INFO  time: compiled patmat-build in 1.97s[0m
[0m2021.08.06 04:56:03 INFO  compiling patmat (2 scala sources)[0m
[0m2021.08.06 04:56:06 INFO  time: compiled patmat in 2.7s[0m
[0m2021.08.06 04:58:05 INFO  compiling patmat-test (1 scala source)[0m
[0m2021.08.06 04:58:05 INFO  time: compiled patmat-test in 0.98s[0m
[0m2021.08.06 06:00:27 INFO  compiling patmat (1 scala source)[0m
[0m2021.08.06 06:00:29 INFO  time: compiled patmat in 1.86s[0m
[0m2021.08.06 06:01:08 WARN  unsupported Scala 2.12.7[0m
[0m2021.08.06 06:05:27 INFO  Started: Metals version 0.10.5 in workspace '/home/xgboost/workspace/patmat' for client coc.nvim 0.0.80.[0m
[0m2021.08.06 06:05:29 INFO  time: initialize in 1.69s[0m
[0m2021.08.06 06:05:30 INFO  Attempting to connect to the build server...[0m
Starting the bsp launcher for bloop...
Opening a bsp server connection with 'bsp --protocol local --socket /tmp/bsp-launcher17012096762337641721/bsp.socket'...
Waiting for the bsp connection to come up...
[0m2021.08.06 06:05:29 WARN  no build target for: /home/xgboost/workspace/patmat/src/main/scala/patmat/Huffman.scala[0m
[0m[32m[D][0m Loading workspace settings from bloop.settings.json
[0m[32m[D][0m Loading 2 projects from '/home/xgboost/workspace/patmat/.bloop'...
[0m[32m[D][0m Loading project from '/home/xgboost/workspace/patmat/.bloop/patmat.json'
[0m[32m[D][0m Loading project from '/home/xgboost/workspace/patmat/.bloop/patmat-test.json'
[0m[32m[D][0m Configured SemanticDB in projects 'patmat', 'patmat-test'
[0m[32m[D][0m Waiting for a connection at local:///tmp/bsp-launcher17012096762337641721/bsp.socket...
The server is listening for incoming connections at local:///tmp/bsp-launcher17012096762337641721/bsp.socket...
[0m2021.08.06 06:05:29 INFO  skipping build import with status 'Installed'[0m
Starting thread that pumps stdin and redirects it to the bsp server...
Starting thread that pumps server stdout and redirects it to the client stdout...
[0m2021.08.06 06:05:30 INFO  tracing is disabled for protocol BSP, to enable tracing of incoming and outgoing JSON messages create an empty file at /home/xgboost/.cache/metals/bsp.trace.json[0m
[0m2021.08.06 06:05:30 INFO  Attempting to connect to the build server...[0m
Starting the bsp launcher for bloop...
[0m2021.08.06 06:05:30 INFO  Attempting to connect to the build server...[0m
Opening a bsp server connection with 'bsp --protocol local --socket /tmp/bsp-launcher16710162619780973773/bsp.socket'...
Waiting for the bsp connection to come up...
Starting the bsp launcher for bloop...
Opening a bsp server connection with 'bsp --protocol local --socket /tmp/bsp-launcher14302532135509562225/bsp.socket'...
Waiting for the bsp connection to come up...
[0m[32m[D][0m Loading workspace settings from bloop.settings.json
[0m[32m[D][0m Waiting for a connection at local:///tmp/bsp-launcher14302532135509562225/bsp.socket...
The server is listening for incoming connections at local:///tmp/bsp-launcher14302532135509562225/bsp.socket...
[0m[32m[D][0m Loading workspace settings from bloop.settings.json
[0m[32m[D][0m Waiting for a connection at local:///tmp/bsp-launcher16710162619780973773/bsp.socket...
The server is listening for incoming connections at local:///tmp/bsp-launcher16710162619780973773/bsp.socket...
Starting thread that pumps stdin and redirects it to the bsp server...
Starting thread that pumps stdin and redirects it to the bsp server...
Starting thread that pumps server stdout and redirects it to the client stdout...
Starting thread that pumps server stdout and redirects it to the client stdout...
[0m2021.08.06 06:05:30 INFO  tracing is disabled for protocol BSP, to enable tracing of incoming and outgoing JSON messages create an empty file at /home/xgboost/.cache/metals/bsp.trace.json[0m
[0m2021.08.06 06:05:30 INFO  tracing is disabled for protocol BSP, to enable tracing of incoming and outgoing JSON messages create an empty file at /home/xgboost/.cache/metals/bsp.trace.json[0m
[0m2021.08.06 06:05:30 INFO  time: Connected to build server in 0.41s[0m
[0m2021.08.06 06:05:30 INFO  Connected to Build server: Bloop v1.4.8-19-4d9f966b[0m
[0m2021.08.06 06:05:33 INFO  no build target: using presentation compiler with only scala-library: 2.12.14[0m
[0m2021.08.06 06:05:35 WARN  Could not find java sources in None. Java symbols will not be available.[0m
[0m2021.08.06 06:05:35 INFO  time: indexed workspace in 2.27s[0m
[0m2021.08.06 06:05:35 INFO  compiling patmat (2 scala sources)[0m
[0m2021.08.06 06:05:37 INFO  time: compiled patmat in 1.72s[0m
[0m2021.08.06 06:05:37 INFO  compiling patmat-test (1 scala source)[0m
[0m2021.08.06 06:05:37 INFO  time: compiled patmat-test in 0.43s[0m
[0m2021.08.06 07:37:13 INFO  time: code lens generation in 1.12s[0m
[0m2021.08.09 04:42:12 INFO  time: code lens generation in 5.62s[0m
[0m2021.08.09 04:56:04 INFO  compiling patmat (1 scala source)[0m
[0m2021.08.09 04:56:06 INFO  time: compiled patmat in 1.65s[0m
No more data in the server stdin, exiting...
No more data in the server stdin, exiting...
No more data in the server stdin, exiting...
[0m2021.08.09 05:00:31 INFO No more data in the server stdin, exiting... Shut down connection with build server.
[0m
No more data in the server stdin, exiting...
No more data in the client stdin, exiting...
No more data in the server stdin, exiting...[0m
2021.08.09 05:00:31 INFO  Shut down connection with build server.[0m
[0m2021.08.09 05:00:31 INFO  Shut down connection with build server.[0m
No more data in the client stdin, exiting...
No more data in the client stdin, exiting...
[0m2021.08.09 05:01:27 INFO  Started: Metals version 0.10.5 in workspace '/home/xgboost/workspace/patmat' for client coc.nvim 0.0.80.[0m
[0m2021.08.09 05:01:29 INFO  time: initialize in 1.57s[0m
[0m2021.08.09 05:01:33 INFO  Attempting to connect to the build server...[0m
Starting the bsp launcher for bloop...
Opening a bsp server connection with 'bsp --protocol local --socket /tmp/bsp-launcher5292821986639888817/bsp.socket'...
Waiting for the bsp connection to come up...
[0m2021.08.09 05:01:32 WARN  no build target for: /home/xgboost/workspace/patmat/assignment.sbt[0m
[0m2021.08.09 05:01:32 WARN  no build target for: /home/xgboost/workspace/patmat/src/main/scala/patmat/Huffman.scala[0m
[0m[32m[D][0m Loading workspace settings from bloop.settings.json
[0m[32m[D][0m Waiting for a connection at local:///tmp/bsp-launcher5292821986639888817/bsp.socket...
The server is listening for incoming connections at local:///tmp/bsp-launcher5292821986639888817/bsp.socket...
[0m2021.08.09 05:01:33 INFO  skipping build import with status 'Installed'[0m
Starting thread that pumps stdin and redirects it to the bsp server...
Starting thread that pumps server stdout and redirects it to the client stdout...
[0m2021.08.09 05:01:33 INFO  tracing is disabled for protocol BSP, to enable tracing of incoming and outgoing JSON messages create an empty file at /home/xgboost/.cache/metals/bsp.trace.json[0m
[0m2021.08.09 05:01:33 INFO  Attempting to connect to the build server...[0m
Starting the bsp launcher for bloop...
[0m2021.08.09 05:01:33 INFO  Attempting to connect to the build server...[0m
Opening a bsp server connection with 'bsp --protocol local --socket /tmp/bsp-launcher16358325981671134366/bsp.socket'...
Waiting for the bsp connection to come up...
Starting the bsp launcher for bloop...
Opening a bsp server connection with 'bsp --protocol local --socket /tmp/bsp-launcher11598713759377055245/bsp.socket'...
Waiting for the bsp connection to come up...
[0m[32m[D][0m Loading workspace settings from bloop.settings.json
[0m[32m[D][0m Waiting for a connection at local:///tmp/bsp-launcher16358325981671134366/bsp.socket...
The server is listening for incoming connections at local:///tmp/bsp-launcher16358325981671134366/bsp.socket...
Starting thread that pumps stdin and redirects it to the bsp server...
Starting thread that pumps server stdout and redirects it to the client stdout...
[0m2021.08.09 05:01:33 INFO  tracing is disabled for protocol BSP, to enable tracing of incoming and outgoing JSON messages create an empty file at /home/xgboost/.cache/metals/bsp.trace.json[0m
[0m[32m[D][0m Loading workspace settings from bloop.settings.json
[0m[32m[D][0m Waiting for a connection at local:///tmp/bsp-launcher11598713759377055245/bsp.socket...
The server is listening for incoming connections at local:///tmp/bsp-launcher11598713759377055245/bsp.socket...
Starting thread that pumps stdin and redirects it to the bsp server...
Starting thread that pumps server stdout and redirects it to the client stdout...
[0m2021.08.09 05:01:33 INFO  tracing is disabled for protocol BSP, to enable tracing of incoming and outgoing JSON messages create an empty file at /home/xgboost/.cache/metals/bsp.trace.json[0m
[0m2021.08.09 05:01:33 INFO  time: Connected to build server in 0.41s[0m
[0m2021.08.09 05:01:33 INFO  Connected to Build server: Bloop v1.4.8-19-4d9f966b[0m
[0m2021.08.09 05:01:36 INFO  no build target: using presentation compiler with only scala-library: 2.12.14[0m
[0m2021.08.09 05:01:37 INFO  no build target: using presentation compiler with only scala-library: 2.12.14[0m
[0m2021.08.09 05:01:38 WARN  no build target for: /home/xgboost/workspace/patmat/src/main/scala/patmat/Huffman.scala[0m
[0m2021.08.09 05:01:40 INFO  time: code lens generation in 5.98s[0m
[0m2021.08.09 05:01:40 INFO  time: code lens generation in 7.21s[0m
[0m2021.08.09 05:01:40 INFO  time: code lens generation in 2.06s[0m
[0m2021.08.09 05:01:42 WARN  Could not find java sources in None. Java symbols will not be available.[0m
[0m2021.08.09 05:01:42 INFO  time: indexed workspace in 6.51s[0m
[0m2021.08.09 05:01:42 INFO  compiling patmat (1 scala source)[0m
[0m2021.08.09 05:01:45 INFO  time: compiled patmat in 2.55s[0m
[0m2021.08.09 05:01:45 WARN  unsupported Scala 2.12.7[0m
[0m2021.08.09 05:02:00 WARN  unsupported Scala 2.12.7[0m
[0m2021.08.09 05:09:45 INFO  Started: Metals version 0.10.5 in workspace '/home/xgboost/workspace/patmat' for client coc.nvim 0.0.80.[0m
[0m2021.08.09 05:09:46 INFO  time: initialize in 1.57s[0m
[0m2021.08.09 05:09:47 INFO  Attempting to connect to the build server...[0m
Starting the bsp launcher for bloop...
Opening a bsp server connection with 'bsp --protocol local --socket /tmp/bsp-launcher9687354900059389908/bsp.socket'...
Waiting for the bsp connection to come up...
[0m2021.08.09 05:09:46 WARN  no build target for: /home/xgboost/workspace/patmat/src/main/scala/patmat/Huffman.scala[0m
[0m[32m[D][0m Loading workspace settings from bloop.settings.json
[0m[32m[D][0m Waiting for a connection at local:///tmp/bsp-launcher9687354900059389908/bsp.socket...
The server is listening for incoming connections at local:///tmp/bsp-launcher9687354900059389908/bsp.socket...
[0m2021.08.09 05:09:46 INFO  skipping build import with status 'Installed'[0m
Starting thread that pumps stdin and redirects it to the bsp server...
Starting thread that pumps server stdout and redirects it to the client stdout...
[0m2021.08.09 05:09:47 INFO  tracing is disabled for protocol BSP, to enable tracing of incoming and outgoing JSON messages create an empty file at /home/xgboost/.cache/metals/bsp.trace.json[0m
[0m2021.08.09 05:09:47 INFO  Attempting to connect to the build server...[0m
Starting the bsp launcher for bloop...[0m
2021.08.09 05:09:47 INFO  Attempting to connect to the build server...[0m
Opening a bsp server connection with 'bsp --protocol local --socket /tmp/bsp-launcher13845816405261600729/bsp.socket'...
Waiting for the bsp connection to come up...
Starting the bsp launcher for bloop...
Opening a bsp server connection with 'bsp --protocol local --socket /tmp/bsp-launcher17244034642119143763/bsp.socket'...
Waiting for the bsp connection to come up...
[0m[32m[D][0m Loading workspace settings from bloop.settings.json
[0m[32m[D][0m Waiting for a connection at local:///tmp/bsp-launcher13845816405261600729/bsp.socket...
The server is listening for incoming connections at local:///tmp/bsp-launcher13845816405261600729/bsp.socket...
[0m[32m[D][0m Loading workspace settings from bloop.settings.json
[0m[32m[D][0m Waiting for a connection at local:///tmp/bsp-launcher17244034642119143763/bsp.socket...
The server is listening for incoming connections at local:///tmp/bsp-launcher17244034642119143763/bsp.socket...
Starting thread that pumps stdin and redirects it to the bsp server...
Starting thread that pumps server stdout and redirects it to the client stdout...
Starting thread that pumps stdin and redirects it to the bsp server...
Starting thread that pumps server stdout and redirects it to the client stdout...
[0m2021.08.09 05:09:47 INFO  tracing is disabled for protocol BSP, to enable tracing of incoming and outgoing JSON messages create an empty file at /home/xgboost/.cache/metals/bsp.trace.json[0m
[0m2021.08.09 05:09:47 INFO  tracing is disabled for protocol BSP, to enable tracing of incoming and outgoing JSON messages create an empty file at /home/xgboost/.cache/metals/bsp.trace.json[0m
[0m2021.08.09 05:09:47 INFO  time: Connected to build server in 0.41s[0m
[0m2021.08.09 05:09:47 INFO  Connected to Build server: Bloop v1.4.8-19-4d9f966b[0m
[0m2021.08.09 05:09:49 INFO  no build target: using presentation compiler with only scala-library: 2.12.14[0m
[0m2021.08.09 05:09:51 WARN  Could not find java sources in None. Java symbols will not be available.[0m
[0m2021.08.09 05:09:51 INFO  time: indexed workspace in 2.08s[0m
[0m2021.08.09 17:23:28 INFO  Shut down connection with build server.[0m
[0m2021.08.09 17:23:28 INFO  Shut down connection with build server.[0m
[0m2021.08.09 17:23:28 INFO  Shut down connection with build server.[0m
No more data in the server stdin, exiting...
No more data in the server stdin, exiting...
No more data in the server stdin, exiting...
No more data in the server stdin, exiting...
No more data in the client stdin, exiting...
No more data in the server stdin, exiting...
No more data in the client stdin, exiting...
No more data in the client stdin, exiting...
No more data in the server stdin, exiting...
[0m2021.08.28 05:39:21 INFO  Started: Metals version 0.10.5 in workspace '/home/xgboost/workspace/patmat' for client coc.nvim 0.0.80.[0m
[0m2021.08.28 05:39:23 INFO  time: initialize in 1.78s[0m
[0m2021.08.28 05:39:27 INFO  Attempting to connect to the build server...[0m
Starting the bsp launcher for bloop...
Opening a bsp server connection with 'bsp --protocol local --socket /tmp/bsp-launcher13860942976645207456/bsp.socket'...
Waiting for the bsp connection to come up...
[0m2021.08.28 05:39:27 WARN  no build target for: /home/xgboost/workspace/patmat/src/main/scala/patmat/Huffman.scala[0m
[0m2021.08.28 05:39:27 INFO  skipping build import with status 'Installed'[0m
Waiting for the bsp connection to come up...
Waiting for the bsp connection to come up...
No server running at 127.0.0.1:8212, let's fire one...
Resolving ch.epfl.scala:bloop-frontend_2.12:1.4.8-19-4d9f966b...
Starting bloop server at 127.0.0.1:8212...
Attempting a connection to the server...
Attempting a connection to the server...
Attempting a connection to the server...
Attempting a connection to the server...
Attempting a connection to the server...
[0m[32m[D][0m Loading workspace settings from bloop.settings.json
[0m[32m[D][0m Loading 2 projects from '/home/xgboost/workspace/patmat/.bloop'...
[0m[32m[D][0m Loading project from '/home/xgboost/workspace/patmat/.bloop/patmat-test.json'
[0m[32m[D][0m Loading project from '/home/xgboost/workspace/patmat/.bloop/patmat.json'
[0m[32m[D][0m Cache miss for scala instance org.scala-lang:scala-compiler:2.13.0.
[0m[32m[D][0m   => /home/xgboost/.cache/coursier/v1/https/repo1.maven.org/maven2/jline/jline/2.14.6/jline-2.14.6.jar
[0m[32m[D][0m   => /home/xgboost/.cache/coursier/v1/https/repo1.maven.org/maven2/org/scala-lang/scala-compiler/2.13.0/scala-compiler-2.13.0.jar
[0m[32m[D][0m   => /home/xgboost/.cache/coursier/v1/https/repo1.maven.org/maven2/org/scala-lang/scala-compiler/2.13.0/scala-compiler-2.13.0.jar
[0m[32m[D][0m   => /home/xgboost/.cache/coursier/v1/https/repo1.maven.org/maven2/org/scala-lang/scala-library/2.13.0/scala-library-2.13.0.jar
[0m[32m[D][0m   => /home/xgboost/.cache/coursier/v1/https/repo1.maven.org/maven2/org/scala-lang/scala-library/2.13.0/scala-library-2.13.0.jar
[0m[32m[D][0m   => /home/xgboost/.cache/coursier/v1/https/repo1.maven.org/maven2/org/scala-lang/scala-reflect/2.13.0/scala-reflect-2.13.0.jar
[0m[32m[D][0m Configured SemanticDB in projects 'patmat', 'patmat-test'
[0m[32m[D][0m Missing analysis file for project 'patmat'
[0m[32m[D][0m Missing analysis file for project 'patmat-test'
[0m[32m[D][0m Waiting for a connection at local:///tmp/bsp-launcher13860942976645207456/bsp.socket...
The server is listening for incoming connections at local:///tmp/bsp-launcher13860942976645207456/bsp.socket...
Starting thread that pumps stdin and redirects it to the bsp server...
Starting thread that pumps server stdout and redirects it to the client stdout...
[0m2021.08.28 05:39:30 INFO  tracing is disabled for protocol BSP, to enable tracing of incoming and outgoing JSON messages create an empty file at /home/xgboost/.cache/metals/bsp.trace.json[0m
[0m2021.08.28 05:39:30 INFO  no build target: using presentation compiler with only scala-library: 2.12.14[0m
[0m2021.08.28 05:39:30 INFO  Attempting to connect to the build server...[0m
Starting the bsp launcher for bloop...
[0m2021.08.28 05:39:30 INFO  Attempting to connect to the build server...[0m
Opening a bsp server connection with 'bsp --protocol local --socket /tmp/bsp-launcher9063370571480749755/bsp.socket'...
Waiting for the bsp connection to come up...
Starting the bsp launcher for bloop...
Opening a bsp server connection with 'bsp --protocol local --socket /tmp/bsp-launcher5029823399319860503/bsp.socket'...
Waiting for the bsp connection to come up...
[0m[32m[D][0m Loading workspace settings from bloop.settings.json
[0m[32m[D][0m Waiting for a connection at local:///tmp/bsp-launcher9063370571480749755/bsp.socket...
The server is listening for incoming connections at local:///tmp/bsp-launcher9063370571480749755/bsp.socket...
[0m[32m[D][0m Loading workspace settings from bloop.settings.json
[0m[32m[D][0m Waiting for a connection at local:///tmp/bsp-launcher5029823399319860503/bsp.socket...
The server is listening for incoming connections at local:///tmp/bsp-launcher5029823399319860503/bsp.socket...
Starting thread that pumps stdin and redirects it to the bsp server...
Starting thread that pumps stdin and redirects it to the bsp server...
Starting thread that pumps server stdout and redirects it to the client stdout...
Starting thread that pumps server stdout and redirects it to the client stdout...
[0m2021.08.28 05:39:31 INFO  tracing is disabled for protocol BSP, to enable tracing of incoming and outgoing JSON messages create an empty file at /home/xgboost/.cache/metals/bsp.trace.json[0m
[0m2021.08.28 05:39:31 INFO  tracing is disabled for protocol BSP, to enable tracing of incoming and outgoing JSON messages create an empty file at /home/xgboost/.cache/metals/bsp.trace.json[0m
[0m2021.08.28 05:39:31 INFO  time: Connected to build server in 3.98s[0m
[0m2021.08.28 05:39:31 INFO  Connected to Build server: Bloop v1.4.8-19-4d9f966b[0m
[0m2021.08.28 05:39:31 INFO  time: Imported build in 0.14s[0m
[0m2021.08.28 05:39:35 INFO  time: indexed workspace in 4.21s[0m
[0m2021.08.28 05:39:36 INFO  compiling patmat (2 scala sources)[0m
[0m2021.08.28 05:39:41 INFO  compiling patmat-test (1 scala source)[0m
[0m2021.08.28 05:39:41 INFO  time: compiled patmat in 5.45s[0m
[0m2021.08.28 05:39:41 INFO  time: compiled patmat-test in 0.56s[0m
[0m2021.08.28 05:44:37 INFO  shutting down Metals[0m
[0m2021.08.28 05:44:37 INFO  Shut down connection with build server.[0m
[0m2021.08.28 05:44:37 INFO  Shut down connection with build server.[0m
[0m2021.08.28 05:44:37No more data in the client stdin, exiting... 
INFO  Shut down connection with build server.[0m
No more data in the client stdin, exiting...
No more data in the client stdin, exiting...
No more data in the server stdin, exiting...
No more data in the server stdin, exiting...
No more data in the server stdin, exiting...
No more data in the server stdin, exiting...
No more data in the server stdin, exiting...
No more data in the server stdin, exiting...
[0m2021.08.28 05:53:47 INFO  Started: Metals version 0.10.5 in workspace '/home/xgboost/workspace/patmat' for client coc.nvim 0.0.80.[0m
[0m2021.08.28 05:53:49 INFO  time: initialize in 1.59s[0m
[0m2021.08.28 05:53:50 INFO  Attempting to connect to the build server...[0m
Starting the bsp launcher for bloop...
Opening a bsp server connection with 'bsp --protocol local --socket /tmp/bsp-launcher2734333388055616626/bsp.socket'...
Waiting for the bsp connection to come up...
[0m2021.08.28 05:53:49 WARN  no build target for: /home/xgboost/workspace/patmat/src/main/scala/patmat/Huffman.scala[0m
[0m2021.08.28 05:53:50 INFO  skipping build import with status 'Installed'[0m
Waiting for the bsp connection to come up...
Waiting for the bsp connection to come up...
[0m2021.08.28 05:53:52 INFO  no build target: using presentation compiler with only scala-library: 2.12.14[0m
Waiting for the bsp connection to come up...
No server running at 127.0.0.1:8212, let's fire one...
Resolving ch.epfl.scala:bloop-frontend_2.12:1.4.8-19-4d9f966b...
Starting bloop server at 127.0.0.1:8212...
Attempting a connection to the server...
Attempting a connection to the server...
Attempting a connection to the server...
Attempting a connection to the server...
Attempting a connection to the server...
[0m[32m[D][0m Loading workspace settings from bloop.settings.json
[0m[32m[D][0m Loading 2 projects from '/home/xgboost/workspace/patmat/.bloop'...
[0m[32m[D][0m Loading project from '/home/xgboost/workspace/patmat/.bloop/patmat.json'
[0m[32m[D][0m Loading project from '/home/xgboost/workspace/patmat/.bloop/patmat-test.json'
[0m[32m[D][0m Cache miss for scala instance org.scala-lang:scala-compiler:2.13.0.
[0m[32m[D][0m   => /home/xgboost/.cache/coursier/v1/https/repo1.maven.org/maven2/jline/jline/2.14.6/jline-2.14.6.jar
[0m[32m[D][0m   => /home/xgboost/.cache/coursier/v1/https/repo1.maven.org/maven2/org/scala-lang/scala-compiler/2.13.0/scala-compiler-2.13.0.jar
[0m[32m[D][0m   => /home/xgboost/.cache/coursier/v1/https/repo1.maven.org/maven2/org/scala-lang/scala-compiler/2.13.0/scala-compiler-2.13.0.jar
[0m[32m[D][0m   => /home/xgboost/.cache/coursier/v1/https/repo1.maven.org/maven2/org/scala-lang/scala-library/2.13.0/scala-library-2.13.0.jar
[0m[32m[D][0m   => /home/xgboost/.cache/coursier/v1/https/repo1.maven.org/maven2/org/scala-lang/scala-library/2.13.0/scala-library-2.13.0.jar
[0m[32m[D][0m   => /home/xgboost/.cache/coursier/v1/https/repo1.maven.org/maven2/org/scala-lang/scala-reflect/2.13.0/scala-reflect-2.13.0.jar
[0m[32m[D][0m Configured SemanticDB in projects 'patmat', 'patmat-test'
[0m[32m[D][0m Loading previous analysis for 'patmat' from '/home/xgboost/workspace/patmat/target/streams/compile/bloopAnalysisOut/$global/streams/inc_compile_2.13.zip'.
[0m[32m[D][0m Loading previous analysis for 'patmat-test' from '/home/xgboost/workspace/patmat/target/streams/test/bloopAnalysisOut/$global/streams/inc_compile_2.13.zip'.
[0m[32m[D][0m Waiting for a connection at local:///tmp/bsp-launcher2734333388055616626/bsp.socket...
The server is listening for incoming connections at local:///tmp/bsp-launcher2734333388055616626/bsp.socket...
Starting thread that pumps stdin and redirects it to the bsp server...
Starting thread that pumps server stdout and redirects it to the client stdout...
[0m2021.08.28 05:53:53 INFO  tracing is disabled for protocol BSP, to enable tracing of incoming and outgoing JSON messages create an empty file at /home/xgboost/.cache/metals/bsp.trace.json[0m
[0m2021.08.28 05:53:53 INFO  Attempting to connect to the build server...[0m
Starting the bsp launcher for bloop...
[0m2021.08.28 05:53:53 Opening a bsp server connection with 'bsp --protocol local --socket /tmp/bsp-launcher12294024057200688729/bsp.socket'...INFO  
Attempting to connect to the build server...[0m
Waiting for the bsp connection to come up...
Starting the bsp launcher for bloop...
Opening a bsp server connection with 'bsp --protocol local --socket /tmp/bsp-launcher11303423183842293613/bsp.socket'...
Waiting for the bsp connection to come up...
[0m[32m[D][0m Loading workspace settings from bloop.settings.json
[0m[32m[D][0m Waiting for a connection at local:///tmp/bsp-launcher11303423183842293613/bsp.socket...
The server is listening for incoming connections at local:///tmp/bsp-launcher11303423183842293613/bsp.socket...
Starting thread that pumps stdin and redirects it to the bsp server...
Starting thread that pumps server stdout and redirects it to the client stdout...
[0m2021.08.28 05:53:53 INFO  tracing is disabled for protocol BSP, to enable tracing of incoming and outgoing JSON messages create an empty file at /home/xgboost/.cache/metals/bsp.trace.json[0m
[0m[32m[D][0m Loading workspace settings from bloop.settings.json
[0m[32m[D][0m Waiting for a connection at local:///tmp/bsp-launcher12294024057200688729/bsp.socket...
The server is listening for incoming connections at local:///tmp/bsp-launcher12294024057200688729/bsp.socket...
Starting thread that pumps stdin and redirects it to the bsp server...
Starting thread that pumps server stdout and redirects it to the client stdout...
[0m2021.08.28 05:53:53 INFO  tracing is disabled for protocol BSP, to enable tracing of incoming and outgoing JSON messages create an empty file at /home/xgboost/.cache/metals/bsp.trace.json[0m
[0m2021.08.28 05:53:53 INFO  time: Connected to build server in 4s[0m
[0m2021.08.28 05:53:53 INFO  Connected to Build server: Bloop v1.4.8-19-4d9f966b[0m
[0m2021.08.28 05:53:54 INFO  time: Imported build in 0.12s[0m
[0m2021.08.28 05:53:57 INFO  time: indexed workspace in 3.81s[0m
Unexpected exception when forwarding server stdin ---> client stdout
Unexpected exception when forwarding server stdin ---> client stdout
Unexpected exception when forwarding server stdin ---> client stdout
java.io.IOException: com.sun.jna.LastErrorException: [104] Connection reset by peer
	at bloop.sockets.UnixDomainSocket$UnixDomainSocketInputStream.doRead(UnixDomainSocket.java:171)
	at bloop.sockets.UnixDomainSocket$UnixDomainSocketInputStream.read(UnixDomainSocket.java:156)
	at java.base/java.nio.channels.Channels$ReadableByteChannelImpl.read(Channels.java:388)
	at bloop.launcher.bsp.BspBridge.copyContents(BspBridge.scala:289)
	at bloop.launcher.bsp.BspBridge.forwardStreamContents(BspBridge.scala:275)
	at bloop.launcher.bsp.BspBridge.$anonfun$wireBspConnectionStreams$2(BspBridge.scala:228)
	at bloop.bloopgun.core.Shell$$anon$2.run(Shell.scala:155)
Caused by: com.sun.jna.LastErrorException: [104] Connection reset by peer
	at bloop.sockets.UnixDomainSocketLibrary.read(Native Method)
	at bloop.sockets.UnixDomainSocket$UnixDomainSocketInputStream.doRead(UnixDomainSocket.java:169)
	... 6 more
java.io.IOException: com.sun.jna.LastErrorException: [104] Connection reset by peer
	at bloop.sockets.UnixDomainSocket$UnixDomainSocketInputStream.doRead(UnixDomainSocket.java:171)
	at bloop.sockets.UnixDomainSocket$UnixDomainSocketInputStream.read(UnixDomainSocket.java:156)
	at java.base/java.nio.channels.Channels$ReadableByteChannelImpl.read(Channels.java:388)
	at bloop.launcher.bsp.BspBridge.copyContents(BspBridge.scala:289)
	at bloop.launcher.bsp.BspBridge.forwardStreamContents(BspBridge.scala:275)
	at bloop.launcher.bsp.BspBridge.$anonfun$wireBspConnectionStreams$2(BspBridge.scala:228)
	at bloop.bloopgun.core.Shell$$anon$2.run(Shell.scala:155)
Caused by: com.sun.jna.LastErrorException: [104] Connection reset by peer
	at bloop.sockets.UnixDomainSocketLibrary.read(Native Method)
	at bloop.sockets.UnixDomainSocket$UnixDomainSocketInputStream.doRead(UnixDomainSocket.java:169)
	... 6 more
java.io.IOException: com.sun.jna.LastErrorException: [104] Connection reset by peer
	at bloop.sockets.UnixDomainSocket$UnixDomainSocketInputStream.doRead(UnixDomainSocket.java:171)
	at bloop.sockets.UnixDomainSocket$UnixDomainSocketInputStream.read(UnixDomainSocket.java:156)
	at java.base/java.nio.channels.Channels$ReadableByteChannelImpl.read(Channels.java:388)
	at bloop.launcher.bsp.BspBridge.copyContents(BspBridge.scala:289)
	at bloop.launcher.bsp.BspBridge.forwardStreamContents(BspBridge.scala:275)
	at bloop.launcher.bsp.BspBridge.$anonfun$wireBspConnectionStreams$2(BspBridge.scala:228)
	at bloop.bloopgun.core.Shell$$anon$2.run(Shell.scala:155)
Caused by: com.sun.jna.LastErrorException: [104] Connection reset by peer
	at bloop.sockets.UnixDomainSocketLibrary.read(Native Method)
	at bloop.sockets.UnixDomainSocket$UnixDomainSocketInputStream.doRead(UnixDomainSocket.java:169)
	... 6 more
[0m2021.08.28 06:06:11 INFO  Started: Metals version 0.10.5 in workspace '/home/xgboost/workspace/patmat' for client coc.nvim 0.0.80.[0m
[0m2021.08.28 06:06:12 INFO  time: initialize in 1.49s[0m
[0m2021.08.28 06:06:16 INFO  Attempting to connect to the build server...[0m
Starting the bsp launcher for bloop...
Opening a bsp server connection with 'bsp --protocol local --socket /tmp/bsp-launcher3202292061031965888/bsp.socket'...
Waiting for the bsp connection to come up...
[0m2021.08.28 06:06:16 WARN  no build target for: /home/xgboost/workspace/patmat/src/main/scala/patmat/Huffman.scala[0m
[0m2021.08.28 06:06:17 INFO  skipping build import with status 'Installed'[0m
Waiting for the bsp connection to come up...
Waiting for the bsp connection to come up...
[0m2021.08.28 06:06:19 INFO  no build target: using presentation compiler with only scala-library: 2.12.14[0m
Waiting for the bsp connection to come up...
No server running at 127.0.0.1:8212, let's fire one...
Resolving ch.epfl.scala:bloop-frontend_2.12:1.4.8-19-4d9f966b...
Starting bloop server at 127.0.0.1:8212...
Attempting a connection to the server...
Attempting a connection to the server...
Attempting a connection to the server...
Attempting a connection to the server...
Attempting a connection to the server...
[0m[32m[D][0m Loading workspace settings from bloop.settings.json
[0m[32m[D][0m Loading 2 projects from '/home/xgboost/workspace/patmat/.bloop'...
[0m[32m[D][0m Loading project from '/home/xgboost/workspace/patmat/.bloop/patmat-test.json'
[0m[32m[D][0m Loading project from '/home/xgboost/workspace/patmat/.bloop/patmat.json'
[0m[32m[D][0m Cache miss for scala instance org.scala-lang:scala-compiler:2.13.0.
[0m[32m[D][0m   => /home/xgboost/.cache/coursier/v1/https/repo1.maven.org/maven2/jline/jline/2.14.6/jline-2.14.6.jar
[0m[32m[D][0m   => /home/xgboost/.cache/coursier/v1/https/repo1.maven.org/maven2/org/scala-lang/scala-compiler/2.13.0/scala-compiler-2.13.0.jar
[0m[32m[D][0m   => /home/xgboost/.cache/coursier/v1/https/repo1.maven.org/maven2/org/scala-lang/scala-compiler/2.13.0/scala-compiler-2.13.0.jar
[0m[32m[D][0m   => /home/xgboost/.cache/coursier/v1/https/repo1.maven.org/maven2/org/scala-lang/scala-library/2.13.0/scala-library-2.13.0.jar
[0m[32m[D][0m   => /home/xgboost/.cache/coursier/v1/https/repo1.maven.org/maven2/org/scala-lang/scala-library/2.13.0/scala-library-2.13.0.jar
[0m[32m[D][0m   => /home/xgboost/.cache/coursier/v1/https/repo1.maven.org/maven2/org/scala-lang/scala-reflect/2.13.0/scala-reflect-2.13.0.jar
[0m[32m[D][0m Configured SemanticDB in projects 'patmat', 'patmat-test'
[0m[32m[D][0m Loading previous analysis for 'patmat-test' from '/home/xgboost/workspace/patmat/target/streams/test/bloopAnalysisOut/$global/streams/inc_compile_2.13.zip'.
[0m[32m[D][0m Loading previous analysis for 'patmat' from '/home/xgboost/workspace/patmat/target/streams/compile/bloopAnalysisOut/$global/streams/inc_compile_2.13.zip'.
[0m[32m[D][0m Waiting for a connection at local:///tmp/bsp-launcher3202292061031965888/bsp.socket...
The server is listening for incoming connections at local:///tmp/bsp-launcher3202292061031965888/bsp.socket...
Starting thread that pumps stdin and redirects it to the bsp server...
Starting thread that pumps server stdout and redirects it to the client stdout...
[0m2021.08.28 06:06:20 INFO  tracing is disabled for protocol BSP, to enable tracing of incoming and outgoing JSON messages create an empty file at /home/xgboost/.cache/metals/bsp.trace.json[0m
[0m2021.08.28 06:06:20 INFO  Attempting to connect to the build server...[0m
[0m2021.08.28 06:06:20 INFO  Attempting to connect to the build server...[0m
Starting the bsp launcher for bloop...
Opening a bsp server connection with 'bsp --protocol local --socket /tmp/bsp-launcher2378576632251905288/bsp.socket'...
Waiting for the bsp connection to come up...
Starting the bsp launcher for bloop...
Opening a bsp server connection with 'bsp --protocol local --socket /tmp/bsp-launcher12204557522434959951/bsp.socket'...
Waiting for the bsp connection to come up...
[0m[32m[D][0m Loading workspace settings from bloop.settings.json
[0m[32m[D][0m Waiting for a connection at local:///tmp/bsp-launcher12204557522434959951/bsp.socket...
The server is listening for incoming connections at local:///tmp/bsp-launcher12204557522434959951/bsp.socket...
[0m[32m[D][0m Loading workspace settings from bloop.settings.json
[0m[32m[D][0m Waiting for a connection at local:///tmp/bsp-launcher2378576632251905288/bsp.socket...
The server is listening for incoming connections at local:///tmp/bsp-launcher2378576632251905288/bsp.socket...
Starting thread that pumps stdin and redirects it to the bsp server...
Starting thread that pumps stdin and redirects it to the bsp server...
Starting thread that pumps server stdout and redirects it to the client stdout...
Starting thread that pumps server stdout and redirects it to the client stdout...
[0m2021.08.28 06:06:20 INFO  tracing is disabled for protocol BSP, to enable tracing of incoming and outgoing JSON messages create an empty file at /home/xgboost/.cache/metals/bsp.trace.json[0m
[0m2021.08.28 06:06:20 INFO  tracing is disabled for protocol BSP, to enable tracing of incoming and outgoing JSON messages create an empty file at /home/xgboost/.cache/metals/bsp.trace.json[0m
[0m2021.08.28 06:06:20 INFO  time: Connected to build server in 3.95s[0m
[0m2021.08.28 06:06:20 INFO  Connected to Build server: Bloop v1.4.8-19-4d9f966b[0m
[0m2021.08.28 06:06:21 INFO  time: Imported build in 0.13s[0m
[0m2021.08.28 06:06:24 INFO  time: indexed workspace in 3.9s[0m
[0m2021.08.28 06:07:01 INFO  shutting down Metals[0m
[0m2021.08.28 06:07:01 INFO  Shut down connection with build server.[0m
[0m2021.08.28 06:07:01 INFO  Shut down connection with build server.[0m
[0m2021.08.28 06:07:01 INFO  Shut down connection with build server.No more data in the server stdin, exiting...[0m

No more data in the server stdin, exiting...
No more data in the server stdin, exiting...
No more data in the server stdin, exiting...
No more data in the client stdin, exiting...
No more data in the server stdin, exiting...
No more data in the client stdin, exiting...
No more data in the server stdin, exiting...
No more data in the client stdin, exiting...
[0m2021.08.28 06:14:13 INFO  Started: Metals version 0.10.5 in workspace '/home/xgboost/workspace/patmat' for client coc.nvim 0.0.80.[0m
[0m2021.08.28 06:14:15 INFO  time: initialize in 1.53s[0m
[0m2021.08.28 06:14:15 INFO  Attempting to connect to the build server...[0m
Starting the bsp launcher for bloop...
Opening a bsp server connection with 'bsp --protocol local --socket /tmp/bsp-launcher4108718041696708342/bsp.socket'...
Waiting for the bsp connection to come up...
[0m2021.08.28 06:14:15 WARN  no build target for: /home/xgboost/workspace/patmat/src/main/scala/patmat/Huffman.scala[0m
[0m2021.08.28 06:14:15 INFO  skipping build import with status 'Installed'[0m
Waiting for the bsp connection to come up...
Waiting for the bsp connection to come up...
Waiting for the bsp connection to come up...
[0m2021.08.28 06:14:19 INFO  no build target: using presentation compiler with only scala-library: 2.12.14[0m
No server running at 127.0.0.1:8212, let's fire one...
Resolving ch.epfl.scala:bloop-frontend_2.12:1.4.8-19-4d9f966b...
Starting bloop server at 127.0.0.1:8212...
Attempting a connection to the server...
Attempting a connection to the server...
Attempting a connection to the server...
Attempting a connection to the server...
Attempting a connection to the server...
[0m[32m[D][0m Loading workspace settings from bloop.settings.json
[0m[32m[D][0m Loading 2 projects from '/home/xgboost/workspace/patmat/.bloop'...
[0m[32m[D][0m Loading project from '/home/xgboost/workspace/patmat/.bloop/patmat-test.json'
[0m[32m[D][0m Loading project from '/home/xgboost/workspace/patmat/.bloop/patmat.json'
[0m[32m[D][0m Cache miss for scala instance org.scala-lang:scala-compiler:2.13.0.
[0m[32m[D][0m   => /home/xgboost/.cache/coursier/v1/https/repo1.maven.org/maven2/jline/jline/2.14.6/jline-2.14.6.jar
[0m[32m[D][0m   => /home/xgboost/.cache/coursier/v1/https/repo1.maven.org/maven2/org/scala-lang/scala-compiler/2.13.0/scala-compiler-2.13.0.jar
[0m[32m[D][0m   => /home/xgboost/.cache/coursier/v1/https/repo1.maven.org/maven2/org/scala-lang/scala-compiler/2.13.0/scala-compiler-2.13.0.jar
[0m[32m[D][0m   => /home/xgboost/.cache/coursier/v1/https/repo1.maven.org/maven2/org/scala-lang/scala-library/2.13.0/scala-library-2.13.0.jar
[0m[32m[D][0m   => /home/xgboost/.cache/coursier/v1/https/repo1.maven.org/maven2/org/scala-lang/scala-library/2.13.0/scala-library-2.13.0.jar
[0m[32m[D][0m   => /home/xgboost/.cache/coursier/v1/https/repo1.maven.org/maven2/org/scala-lang/scala-reflect/2.13.0/scala-reflect-2.13.0.jar
[0m[32m[D][0m Configured SemanticDB in projects 'patmat-test', 'patmat'
[0m[32m[D][0m Loading previous analysis for 'patmat-test' from '/home/xgboost/workspace/patmat/target/streams/test/bloopAnalysisOut/$global/streams/inc_compile_2.13.zip'.
[0m[32m[D][0m Loading previous analysis for 'patmat' from '/home/xgboost/workspace/patmat/target/streams/compile/bloopAnalysisOut/$global/streams/inc_compile_2.13.zip'.
[0m[32m[D][0m Waiting for a connection at local:///tmp/bsp-launcher4108718041696708342/bsp.socket...
The server is listening for incoming connections at local:///tmp/bsp-launcher4108718041696708342/bsp.socket...
Starting thread that pumps stdin and redirects it to the bsp server...
Starting thread that pumps server stdout and redirects it to the client stdout...
[0m2021.08.28 06:14:19 INFO  tracing is disabled for protocol BSP, to enable tracing of incoming and outgoing JSON messages create an empty file at /home/xgboost/.cache/metals/bsp.trace.json[0m
[0m2021.08.28 06:14:19 INFO  Attempting to connect to the build server...[0m
Starting the bsp launcher for bloop...
[0m2021.08.28 06:14:19 Opening a bsp server connection with 'bsp --protocol local --socket /tmp/bsp-launcher855411442239493694/bsp.socket'...INFO 
 Attempting to connect to the build server...[0m
Waiting for the bsp connection to come up...
Starting the bsp launcher for bloop...
Opening a bsp server connection with 'bsp --protocol local --socket /tmp/bsp-launcher4855616045343846422/bsp.socket'...
Waiting for the bsp connection to come up...
[0m[32m[D][0m Loading workspace settings from bloop.settings.json
[0m[32m[D][0m Waiting for a connection at local:///tmp/bsp-launcher855411442239493694/bsp.socket...
The server is listening for incoming connections at local:///tmp/bsp-launcher855411442239493694/bsp.socket...
[0m[32m[D][0m Loading workspace settings from bloop.settings.json
[0m[32m[D][0m Waiting for a connection at local:///tmp/bsp-launcher4855616045343846422/bsp.socket...
The server is listening for incoming connections at local:///tmp/bsp-launcher4855616045343846422/bsp.socket...
Starting thread that pumps stdin and redirects it to the bsp server...
Starting thread that pumps stdin and redirects it to the bsp server...
Starting thread that pumps server stdout and redirects it to the client stdout...
Starting thread that pumps server stdout and redirects it to the client stdout...
[0m2021.08.28 06:14:19 INFO  tracing is disabled for protocol BSP, to enable tracing of incoming and outgoing JSON messages create an empty file at /home/xgboost/.cache/metals/bsp.trace.json[0m
[0m2021.08.28 06:14:19 INFO  tracing is disabled for protocol BSP, to enable tracing of incoming and outgoing JSON messages create an empty file at /home/xgboost/.cache/metals/bsp.trace.json[0m
[0m2021.08.28 06:14:19 INFO  time: Connected to build server in 4.03s[0m
[0m2021.08.28 06:14:19 INFO  Connected to Build server: Bloop v1.4.8-19-4d9f966b[0m
[0m2021.08.28 06:14:20 INFO  time: Imported build in 0.12s[0m
[0m2021.08.28 06:14:24 INFO  time: indexed workspace in 4.05s[0m
[0m2021.08.28 06:15:24 INFO  time: code lens generation in 1.45s[0m
Unexpected exception when forwarding server stdin ---> client stdout
Unexpected exception when forwarding server stdin ---> client stdout
java.io.IOException: com.sun.jna.LastErrorException: [104] Connection reset by peer
	at bloop.sockets.UnixDomainSocket$UnixDomainSocketInputStream.doRead(UnixDomainSocket.java:171)
	at bloop.sockets.UnixDomainSocket$UnixDomainSocketInputStream.read(UnixDomainSocket.java:156)
	at java.base/java.nio.channels.Channels$ReadableByteChannelImpl.read(Channels.java:388)
	at bloop.launcher.bsp.BspBridge.copyContents(BspBridge.scala:289)
	at bloop.launcher.bsp.BspBridge.forwardStreamContents(BspBridge.scala:275)
	at bloop.launcher.bsp.BspBridge.$anonfun$wireBspConnectionStreams$2(BspBridge.scala:228)
	at bloop.bloopgun.core.Shell$$anon$2.run(Shell.scala:155)
Caused by: com.sun.jna.LastErrorException: [104] Connection reset by peer
	at bloop.sockets.UnixDomainSocketLibrary.read(Native Method)
	at bloop.sockets.UnixDomainSocket$UnixDomainSocketInputStream.doRead(UnixDomainSocket.java:169)
	... 6 more
Unexpected exception when forwarding server stdin ---> client stdout
java.io.IOException: com.sun.jna.LastErrorException: [104] Connection reset by peer
	at bloop.sockets.UnixDomainSocket$UnixDomainSocketInputStream.doRead(UnixDomainSocket.java:171)
	at bloop.sockets.UnixDomainSocket$UnixDomainSocketInputStream.read(UnixDomainSocket.java:156)
	at java.base/java.nio.channels.Channels$ReadableByteChannelImpl.read(Channels.java:388)
	at bloop.launcher.bsp.BspBridge.copyContents(BspBridge.scala:289)
	at bloop.launcher.bsp.BspBridge.forwardStreamContents(BspBridge.scala:275)
	at bloop.launcher.bsp.BspBridge.$anonfun$wireBspConnectionStreams$2(BspBridge.scala:228)
	at bloop.bloopgun.core.Shell$$anon$2.run(Shell.scala:155)
Caused by: com.sun.jna.LastErrorException: [104] Connection reset by peer
	at bloop.sockets.UnixDomainSocketLibrary.read(Native Method)
	at bloop.sockets.UnixDomainSocket$UnixDomainSocketInputStream.doRead(UnixDomainSocket.java:169)
	... 6 more
java.io.IOException: com.sun.jna.LastErrorException: [104] Connection reset by peer
	at bloop.sockets.UnixDomainSocket$UnixDomainSocketInputStream.doRead(UnixDomainSocket.java:171)
	at bloop.sockets.UnixDomainSocket$UnixDomainSocketInputStream.read(UnixDomainSocket.java:156)
	at java.base/java.nio.channels.Channels$ReadableByteChannelImpl.read(Channels.java:388)
	at bloop.launcher.bsp.BspBridge.copyContents(BspBridge.scala:289)
	at bloop.launcher.bsp.BspBridge.forwardStreamContents(BspBridge.scala:275)
	at bloop.launcher.bsp.BspBridge.$anonfun$wireBspConnectionStreams$2(BspBridge.scala:228)
	at bloop.bloopgun.core.Shell$$anon$2.run(Shell.scala:155)
Caused by: com.sun.jna.LastErrorException: [104] Connection reset by peer
	at bloop.sockets.UnixDomainSocketLibrary.read(Native Method)
	at bloop.sockets.UnixDomainSocket$UnixDomainSocketInputStream.doRead(UnixDomainSocket.java:169)
	... 6 more
[0m2021.08.28 06:18:01 INFO  Started: Metals version 0.10.5 in workspace '/home/xgboost/workspace/patmat' for client coc.nvim 0.0.80.[0m
[0m2021.08.28 06:18:03 INFO  time: initialize in 1.43s[0m
[0m2021.08.28 06:18:07 INFO  Attempting to connect to the build server...[0m
Starting the bsp launcher for bloop...
Opening a bsp server connection with 'bsp --protocol local --socket /tmp/bsp-launcher8274116437477287318/bsp.socket'...
Waiting for the bsp connection to come up...
[0m2021.08.28 06:18:07 WARN  no build target for: /home/xgboost/workspace/patmat/src/main/scala/patmat/Huffman.scala[0m
[0m2021.08.28 06:18:07 INFO  skipping build import with status 'Installed'[0m
Waiting for the bsp connection to come up...
Waiting for the bsp connection to come up...
[0m2021.08.28 06:18:10 INFO  no build target: using presentation compiler with only scala-library: 2.12.14[0m
Waiting for the bsp connection to come up...
No server running at 127.0.0.1:8212, let's fire one...
Resolving ch.epfl.scala:bloop-frontend_2.12:1.4.8-19-4d9f966b...
Starting bloop server at 127.0.0.1:8212...
Attempting a connection to the server...
Attempting a connection to the server...
Attempting a connection to the server...
Attempting a connection to the server...
Attempting a connection to the server...
[0m[32m[D][0m Loading workspace settings from bloop.settings.json
[0m[32m[D][0m Loading 2 projects from '/home/xgboost/workspace/patmat/.bloop'...
[0m[32m[D][0m Loading project from '/home/xgboost/workspace/patmat/.bloop/patmat-test.json'
[0m[32m[D][0m Loading project from '/home/xgboost/workspace/patmat/.bloop/patmat.json'
[0m[32m[D][0m Cache miss for scala instance org.scala-lang:scala-compiler:2.13.0.
[0m[32m[D][0m   => /home/xgboost/.cache/coursier/v1/https/repo1.maven.org/maven2/jline/jline/2.14.6/jline-2.14.6.jar
[0m[32m[D][0m   => /home/xgboost/.cache/coursier/v1/https/repo1.maven.org/maven2/org/scala-lang/scala-compiler/2.13.0/scala-compiler-2.13.0.jar
[0m[32m[D][0m   => /home/xgboost/.cache/coursier/v1/https/repo1.maven.org/maven2/org/scala-lang/scala-compiler/2.13.0/scala-compiler-2.13.0.jar
[0m[32m[D][0m   => /home/xgboost/.cache/coursier/v1/https/repo1.maven.org/maven2/org/scala-lang/scala-library/2.13.0/scala-library-2.13.0.jar
[0m[32m[D][0m   => /home/xgboost/.cache/coursier/v1/https/repo1.maven.org/maven2/org/scala-lang/scala-library/2.13.0/scala-library-2.13.0.jar
[0m[32m[D][0m   => /home/xgboost/.cache/coursier/v1/https/repo1.maven.org/maven2/org/scala-lang/scala-reflect/2.13.0/scala-reflect-2.13.0.jar
[0m[32m[D][0m Configured SemanticDB in projects 'patmat', 'patmat-test'
[0m[32m[D][0m Loading previous analysis for 'patmat' from '/home/xgboost/workspace/patmat/target/streams/compile/bloopAnalysisOut/$global/streams/inc_compile_2.13.zip'.
[0m[32m[D][0m Loading previous analysis for 'patmat-test' from '/home/xgboost/workspace/patmat/target/streams/test/bloopAnalysisOut/$global/streams/inc_compile_2.13.zip'.
[0m[32m[D][0m Waiting for a connection at local:///tmp/bsp-launcher8274116437477287318/bsp.socket...
The server is listening for incoming connections at local:///tmp/bsp-launcher8274116437477287318/bsp.socket...
Starting thread that pumps stdin and redirects it to the bsp server...
Starting thread that pumps server stdout and redirects it to the client stdout...
[0m2021.08.28 06:18:10 INFO  tracing is disabled for protocol BSP, to enable tracing of incoming and outgoing JSON messages create an empty file at /home/xgboost/.cache/metals/bsp.trace.json[0m
[0m2021.08.28 06:18:10 INFO  Attempting to connect to the build server...[0m
Starting the bsp launcher for bloop...
[0m2021.08.28 06:18:10 Opening a bsp server connection with 'bsp --protocol local --socket /tmp/bsp-launcher6960267790859799052/bsp.socket'...
INFO  Attempting to connect to the build server...[0m
Waiting for the bsp connection to come up...
Starting the bsp launcher for bloop...
Opening a bsp server connection with 'bsp --protocol local --socket /tmp/bsp-launcher17366004336655477393/bsp.socket'...
Waiting for the bsp connection to come up...
[0m[32m[D][0m Loading workspace settings from bloop.settings.json
[0m[32m[D][0m Waiting for a connection at local:///tmp/bsp-launcher6960267790859799052/bsp.socket...
The server is listening for incoming connections at local:///tmp/bsp-launcher6960267790859799052/bsp.socket...
[0m[32m[D][0m Loading workspace settings from bloop.settings.json
[0m[32m[D][0m Waiting for a connection at local:///tmp/bsp-launcher17366004336655477393/bsp.socket...
The server is listening for incoming connections at local:///tmp/bsp-launcher17366004336655477393/bsp.socket...
Starting thread that pumps stdin and redirects it to the bsp server...
Starting thread that pumps stdin and redirects it to the bsp server...
Starting thread that pumps server stdout and redirects it to the client stdout...
Starting thread that pumps server stdout and redirects it to the client stdout...
[0m2021.08.28 06:18:11 INFO  tracing is disabled for protocol BSP, to enable tracing of incoming and outgoing JSON messages create an empty file at /home/xgboost/.cache/metals/bsp.trace.json[0m
[0m2021.08.28 06:18:11 INFO  tracing is disabled for protocol BSP, to enable tracing of incoming and outgoing JSON messages create an empty file at /home/xgboost/.cache/metals/bsp.trace.json[0m
[0m2021.08.28 06:18:11 INFO  time: Connected to build server in 4.11s[0m
[0m2021.08.28 06:18:11 INFO  Connected to Build server: Bloop v1.4.8-19-4d9f966b[0m
[0m2021.08.28 06:18:11 INFO  time: Imported build in 0.12s[0m
[0m2021.08.28 06:18:15 INFO  time: indexed workspace in 3.57s[0m
Unexpected exception when forwarding server stdin ---> client stdout
Unexpected exception when forwarding server stdin ---> client stdout
Unexpected exception when forwarding server stdin ---> client stdout
java.io.IOException: com.sun.jna.LastErrorException: [104] Connection reset by peer
	at bloop.sockets.UnixDomainSocket$UnixDomainSocketInputStream.doRead(UnixDomainSocket.java:171)
	at bloop.sockets.UnixDomainSocket$UnixDomainSocketInputStream.read(UnixDomainSocket.java:156)
	at java.base/java.nio.channels.Channels$ReadableByteChannelImpl.read(Channels.java:388)
	at bloop.launcher.bsp.BspBridge.copyContents(BspBridge.scala:289)
	at bloop.launcher.bsp.BspBridge.forwardStreamContents(BspBridge.scala:275)
	at bloop.launcher.bsp.BspBridge.$anonfun$wireBspConnectionStreams$2(BspBridge.scala:228)
	at bloop.bloopgun.core.Shell$$anon$2.run(Shell.scala:155)
Caused by: com.sun.jna.LastErrorException: [104] Connection reset by peer
	at bloop.sockets.UnixDomainSocketLibrary.read(Native Method)
	at bloop.sockets.UnixDomainSocket$UnixDomainSocketInputStream.doRead(UnixDomainSocket.java:169)
	... 6 more
java.io.IOException: com.sun.jna.LastErrorException: [104] Connection reset by peer
	at bloop.sockets.UnixDomainSocket$UnixDomainSocketInputStream.doRead(UnixDomainSocket.java:171)
	at bloop.sockets.UnixDomainSocket$UnixDomainSocketInputStream.read(UnixDomainSocket.java:156)
	at java.base/java.nio.channels.Channels$ReadableByteChannelImpl.read(Channels.java:388)
	at bloop.launcher.bsp.BspBridge.copyContents(BspBridge.scala:289)
	at bloop.launcher.bsp.BspBridge.forwardStreamContents(BspBridge.scala:275)
	at bloop.launcher.bsp.BspBridge.$anonfun$wireBspConnectionStreams$2(BspBridge.scala:228)
	at bloop.bloopgun.core.Shell$$anon$2.run(Shell.scala:155)
Caused by: com.sun.jna.LastErrorException: [104] Connection reset by peer
	at bloop.sockets.UnixDomainSocketLibrary.read(Native Method)
	at bloop.sockets.UnixDomainSocket$UnixDomainSocketInputStream.doRead(UnixDomainSocket.java:169)
	... 6 more
java.io.IOException: com.sun.jna.LastErrorException: [104] Connection reset by peer
	at bloop.sockets.UnixDomainSocket$UnixDomainSocketInputStream.doRead(UnixDomainSocket.java:171)
	at bloop.sockets.UnixDomainSocket$UnixDomainSocketInputStream.read(UnixDomainSocket.java:156)
	at java.base/java.nio.channels.Channels$ReadableByteChannelImpl.read(Channels.java:388)
	at bloop.launcher.bsp.BspBridge.copyContents(BspBridge.scala:289)
	at bloop.launcher.bsp.BspBridge.forwardStreamContents(BspBridge.scala:275)
	at bloop.launcher.bsp.BspBridge.$anonfun$wireBspConnectionStreams$2(BspBridge.scala:228)
	at bloop.bloopgun.core.Shell$$anon$2.run(Shell.scala:155)
Caused by: com.sun.jna.LastErrorException: [104] Connection reset by peer
	at bloop.sockets.UnixDomainSocketLibrary.read(Native Method)
	at bloop.sockets.UnixDomainSocket$UnixDomainSocketInputStream.doRead(UnixDomainSocket.java:169)
	... 6 more
[0m2021.08.28 17:28:49 INFO  Started: Metals version 0.10.5 in workspace '/home/xgboost/workspace/patmat' for client coc.nvim 0.0.80.[0m
[0m2021.08.28 17:28:51 INFO  time: initialize in 1.51s[0m
[0m2021.08.28 17:28:55 INFO  Attempting to connect to the build server...[0m
Starting the bsp launcher for bloop...
Opening a bsp server connection with 'bsp --protocol local --socket /tmp/bsp-launcher3309050055361291344/bsp.socket'...
Waiting for the bsp connection to come up...
[0m2021.08.28 17:28:55 WARN  no build target for: /home/xgboost/workspace/patmat/src/main/scala/patmat/Huffman.scala[0m
[0m2021.08.28 17:28:55 INFO  skipping build import with status 'Installed'[0m
Waiting for the bsp connection to come up...
Waiting for the bsp connection to come up...
[0m2021.08.28 17:28:58 INFO  no build target: using presentation compiler with only scala-library: 2.12.14[0m
Waiting for the bsp connection to come up...
No server running at 127.0.0.1:8212, let's fire one...
Resolving ch.epfl.scala:bloop-frontend_2.12:1.4.8-19-4d9f966b...
Starting bloop server at 127.0.0.1:8212...
Attempting a connection to the server...
Attempting a connection to the server...
Attempting a connection to the server...
Attempting a connection to the server...
Attempting a connection to the server...
[0m[32m[D][0m Loading workspace settings from bloop.settings.json
[0m[32m[D][0m Loading 2 projects from '/home/xgboost/workspace/patmat/.bloop'...
[0m[32m[D][0m Loading project from '/home/xgboost/workspace/patmat/.bloop/patmat.json'
[0m[32m[D][0m Loading project from '/home/xgboost/workspace/patmat/.bloop/patmat-test.json'
[0m[32m[D][0m Cache miss for scala instance org.scala-lang:scala-compiler:2.13.0.
[0m[32m[D][0m   => /home/xgboost/.cache/coursier/v1/https/repo1.maven.org/maven2/jline/jline/2.14.6/jline-2.14.6.jar
[0m[32m[D][0m   => /home/xgboost/.cache/coursier/v1/https/repo1.maven.org/maven2/org/scala-lang/scala-compiler/2.13.0/scala-compiler-2.13.0.jar
[0m[32m[D][0m   => /home/xgboost/.cache/coursier/v1/https/repo1.maven.org/maven2/org/scala-lang/scala-compiler/2.13.0/scala-compiler-2.13.0.jar
[0m[32m[D][0m   => /home/xgboost/.cache/coursier/v1/https/repo1.maven.org/maven2/org/scala-lang/scala-library/2.13.0/scala-library-2.13.0.jar
[0m[32m[D][0m   => /home/xgboost/.cache/coursier/v1/https/repo1.maven.org/maven2/org/scala-lang/scala-library/2.13.0/scala-library-2.13.0.jar
[0m[32m[D][0m   => /home/xgboost/.cache/coursier/v1/https/repo1.maven.org/maven2/org/scala-lang/scala-reflect/2.13.0/scala-reflect-2.13.0.jar
[0m[32m[D][0m Configured SemanticDB in projects 'patmat', 'patmat-test'
[0m[32m[D][0m Loading previous analysis for 'patmat-test' from '/home/xgboost/workspace/patmat/target/streams/test/bloopAnalysisOut/$global/streams/inc_compile_2.13.zip'.
[0m[32m[D][0m Loading previous analysis for 'patmat' from '/home/xgboost/workspace/patmat/target/streams/compile/bloopAnalysisOut/$global/streams/inc_compile_2.13.zip'.
[0m[32m[D][0m Waiting for a connection at local:///tmp/bsp-launcher3309050055361291344/bsp.socket...
The server is listening for incoming connections at local:///tmp/bsp-launcher3309050055361291344/bsp.socket...
Starting thread that pumps stdin and redirects it to the bsp server...
Starting thread that pumps server stdout and redirects it to the client stdout...
[0m2021.08.28 17:28:58 INFO  tracing is disabled for protocol BSP, to enable tracing of incoming and outgoing JSON messages create an empty file at /home/xgboost/.cache/metals/bsp.trace.json[0m
[0m2021.08.28 17:28:58 INFO  Attempting to connect to the build server...[0m
Starting the bsp launcher for bloop...
Opening a bsp server connection with 'bsp --protocol local --socket /tmp/bsp-launcher3730476683259026817/bsp.socket'...
[0m2021.08.28 17:28:58 INFO  Attempting to connect to the build server...[0m
Waiting for the bsp connection to come up...
Starting the bsp launcher for bloop...
Opening a bsp server connection with 'bsp --protocol local --socket /tmp/bsp-launcher14101497691532485900/bsp.socket'...
Waiting for the bsp connection to come up...
[0m[32m[D][0m Loading workspace settings from bloop.settings.json
[0m[32m[D][0m Waiting for a connection at local:///tmp/bsp-launcher3730476683259026817/bsp.socket...
The server is listening for incoming connections at local:///tmp/bsp-launcher3730476683259026817/bsp.socket...
[0m[32m[D][0m Loading workspace settings from bloop.settings.json
[0m[32m[D][0m Waiting for a connection at local:///tmp/bsp-launcher14101497691532485900/bsp.socket...
The server is listening for incoming connections at local:///tmp/bsp-launcher14101497691532485900/bsp.socket...
Starting thread that pumps stdin and redirects it to the bsp server...
Starting thread that pumps stdin and redirects it to the bsp server...
Starting thread that pumps server stdout and redirects it to the client stdout...
Starting thread that pumps server stdout and redirects it to the client stdout...
[0m2021.08.28 17:28:59 INFO  tracing is disabled for protocol BSP, to enable tracing of incoming and outgoing JSON messages create an empty file at /home/xgboost/.cache/metals/bsp.trace.json[0m
[0m2021.08.28 17:28:59 INFO  tracing is disabled for protocol BSP, to enable tracing of incoming and outgoing JSON messages create an empty file at /home/xgboost/.cache/metals/bsp.trace.json[0m
[0m2021.08.28 17:28:59 INFO  time: Connected to build server in 3.99s[0m
[0m2021.08.28 17:28:59 INFO  Connected to Build server: Bloop v1.4.8-19-4d9f966b[0m
[0m2021.08.28 17:28:59 INFO  time: Imported build in 0.15s[0m
[0m2021.08.28 17:29:03 INFO  time: indexed workspace in 4.02s[0m
Unexpected exception when forwarding server stdin ---> client stdout
Unexpected exception when forwarding server stdin ---> client stdout
Unexpected exception when forwarding server stdin ---> client stdout
java.io.IOException: com.sun.jna.LastErrorException: [104] Connection reset by peer
	at bloop.sockets.UnixDomainSocket$UnixDomainSocketInputStream.doRead(UnixDomainSocket.java:171)
	at bloop.sockets.UnixDomainSocket$UnixDomainSocketInputStream.read(UnixDomainSocket.java:156)
	at java.base/java.nio.channels.Channels$ReadableByteChannelImpl.read(Channels.java:388)
	at bloop.launcher.bsp.BspBridge.copyContents(BspBridge.scala:289)
	at bloop.launcher.bsp.BspBridge.forwardStreamContents(BspBridge.scala:275)
	at bloop.launcher.bsp.BspBridge.$anonfun$wireBspConnectionStreams$2(BspBridge.scala:228)
	at bloop.bloopgun.core.Shell$$anon$2.run(Shell.scala:155)
Caused by: com.sun.jna.LastErrorException: [104] Connection reset by peer
	at bloop.sockets.UnixDomainSocketLibrary.read(Native Method)
	at bloop.sockets.UnixDomainSocket$UnixDomainSocketInputStream.doRead(UnixDomainSocket.java:169)
	... 6 more
java.io.IOException: com.sun.jna.LastErrorException: [104] Connection reset by peer
	at bloop.sockets.UnixDomainSocket$UnixDomainSocketInputStream.doRead(UnixDomainSocket.java:171)
	at bloop.sockets.UnixDomainSocket$UnixDomainSocketInputStream.read(UnixDomainSocket.java:156)
	at java.base/java.nio.channels.Channels$ReadableByteChannelImpl.read(Channels.java:388)
	at bloop.launcher.bsp.BspBridge.copyContents(BspBridge.scala:289)
	at bloop.launcher.bsp.BspBridge.forwardStreamContents(BspBridge.scala:275)
	at bloop.launcher.bsp.BspBridge.$anonfun$wireBspConnectionStreams$2(BspBridge.scala:228)
	at bloop.bloopgun.core.Shell$$anon$2.run(Shell.scala:155)
Caused by: com.sun.jna.LastErrorException: [104] Connection reset by peer
	at bloop.sockets.UnixDomainSocketLibrary.read(Native Method)
	at bloop.sockets.UnixDomainSocket$UnixDomainSocketInputStream.doRead(UnixDomainSocket.java:169)
	... 6 more
java.io.IOException: com.sun.jna.LastErrorException: [104] Connection reset by peer
	at bloop.sockets.UnixDomainSocket$UnixDomainSocketInputStream.doRead(UnixDomainSocket.java:171)
	at bloop.sockets.UnixDomainSocket$UnixDomainSocketInputStream.read(UnixDomainSocket.java:156)
	at java.base/java.nio.channels.Channels$ReadableByteChannelImpl.read(Channels.java:388)
	at bloop.launcher.bsp.BspBridge.copyContents(BspBridge.scala:289)
	at bloop.launcher.bsp.BspBridge.forwardStreamContents(BspBridge.scala:275)
	at bloop.launcher.bsp.BspBridge.$anonfun$wireBspConnectionStreams$2(BspBridge.scala:228)
	at bloop.bloopgun.core.Shell$$anon$2.run(Shell.scala:155)
Caused by: com.sun.jna.LastErrorException: [104] Connection reset by peer
	at bloop.sockets.UnixDomainSocketLibrary.read(Native Method)
	at bloop.sockets.UnixDomainSocket$UnixDomainSocketInputStream.doRead(UnixDomainSocket.java:169)
	... 6 more
[0m2021.09.04 20:50:39 INFO  Started: Metals version 0.10.5 in workspace '/home/xgboost/workspace/patmat' for client coc.nvim 0.0.80.[0m
[0m2021.09.04 20:50:40 INFO  time: initialize in 1.51s[0m
[0m2021.09.04 20:50:44 INFO  Attempting to connect to the build server...[0m
Starting the bsp launcher for bloop...
Opening a bsp server connection with 'bsp --protocol local --socket /tmp/bsp-launcher11705837006042479171/bsp.socket'...
Waiting for the bsp connection to come up...
[0m2021.09.04 20:50:44 WARN  no build target for: /home/xgboost/workspace/patmat/src/main/scala/patmat/Huffman.scala[0m
[0m2021.09.04 20:50:44 INFO  skipping build import with status 'Installed'[0m
Waiting for the bsp connection to come up...
Waiting for the bsp connection to come up...
[0m2021.09.04 20:50:47 INFO  no build target: using presentation compiler with only scala-library: 2.12.14[0m
Waiting for the bsp connection to come up...
No server running at 127.0.0.1:8212, let's fire one...
Resolving ch.epfl.scala:bloop-frontend_2.12:1.4.8-19-4d9f966b...
Starting bloop server at 127.0.0.1:8212...
Attempting a connection to the server...
Attempting a connection to the server...
Attempting a connection to the server...
Attempting a connection to the server...
Attempting a connection to the server...
[0m[32m[D][0m Loading workspace settings from bloop.settings.json
[0m[32m[D][0m Loading 2 projects from '/home/xgboost/workspace/patmat/.bloop'...
[0m[32m[D][0m Loading project from '/home/xgboost/workspace/patmat/.bloop/patmat.json'
[0m[32m[D][0m Loading project from '/home/xgboost/workspace/patmat/.bloop/patmat-test.json'
[0m[32m[D][0m Cache miss for scala instance org.scala-lang:scala-compiler:2.13.0.
[0m[32m[D][0m   => /home/xgboost/.cache/coursier/v1/https/repo1.maven.org/maven2/jline/jline/2.14.6/jline-2.14.6.jar
[0m[32m[D][0m   => /home/xgboost/.cache/coursier/v1/https/repo1.maven.org/maven2/org/scala-lang/scala-compiler/2.13.0/scala-compiler-2.13.0.jar
[0m[32m[D][0m   => /home/xgboost/.cache/coursier/v1/https/repo1.maven.org/maven2/org/scala-lang/scala-compiler/2.13.0/scala-compiler-2.13.0.jar
[0m[32m[D][0m   => /home/xgboost/.cache/coursier/v1/https/repo1.maven.org/maven2/org/scala-lang/scala-library/2.13.0/scala-library-2.13.0.jar
[0m[32m[D][0m   => /home/xgboost/.cache/coursier/v1/https/repo1.maven.org/maven2/org/scala-lang/scala-library/2.13.0/scala-library-2.13.0.jar
[0m[32m[D][0m   => /home/xgboost/.cache/coursier/v1/https/repo1.maven.org/maven2/org/scala-lang/scala-reflect/2.13.0/scala-reflect-2.13.0.jar
[0m[32m[D][0m Configured SemanticDB in projects 'patmat-test', 'patmat'
[0m[32m[D][0m Loading previous analysis for 'patmat-test' from '/home/xgboost/workspace/patmat/target/streams/test/bloopAnalysisOut/$global/streams/inc_compile_2.13.zip'.
[0m[32m[D][0m Loading previous analysis for 'patmat' from '/home/xgboost/workspace/patmat/target/streams/compile/bloopAnalysisOut/$global/streams/inc_compile_2.13.zip'.
[0m[32m[D][0m Waiting for a connection at local:///tmp/bsp-launcher11705837006042479171/bsp.socket...
The server is listening for incoming connections at local:///tmp/bsp-launcher11705837006042479171/bsp.socket...
Starting thread that pumps stdin and redirects it to the bsp server...
Starting thread that pumps server stdout and redirects it to the client stdout...
[0m2021.09.04 20:50:48 INFO  tracing is disabled for protocol BSP, to enable tracing of incoming and outgoing JSON messages create an empty file at /home/xgboost/.cache/metals/bsp.trace.json[0m
[0m2021.09.04 20:50:48 INFO  Attempting to connect to the build server...[0m
Starting the bsp launcher for bloop...
[0m2021.09.04 20:50:48 INFO Opening a bsp server connection with 'bsp --protocol local --socket /tmp/bsp-launcher8747499144130510123/bsp.socket'... 
Attempting to connect to the build server...[0m
Waiting for the bsp connection to come up...
Starting the bsp launcher for bloop...
Opening a bsp server connection with 'bsp --protocol local --socket /tmp/bsp-launcher13964544075318478553/bsp.socket'...
Waiting for the bsp connection to come up...
[0m[32m[D][0m Loading workspace settings from bloop.settings.json
[0m[32m[D][0m Waiting for a connection at local:///tmp/bsp-launcher8747499144130510123/bsp.socket...
The server is listening for incoming connections at local:///tmp/bsp-launcher8747499144130510123/bsp.socket...
Starting thread that pumps stdin and redirects it to the bsp server...
Starting thread that pumps server stdout and redirects it to the client stdout...
[0m2021.09.04 20:50:48 INFO  tracing is disabled for protocol BSP, to enable tracing of incoming and outgoing JSON messages create an empty file at /home/xgboost/.cache/metals/bsp.trace.json[0m
[0m[32m[D][0m Loading workspace settings from bloop.settings.json
[0m[32m[D][0m Waiting for a connection at local:///tmp/bsp-launcher13964544075318478553/bsp.socket...
The server is listening for incoming connections at local:///tmp/bsp-launcher13964544075318478553/bsp.socket...
Starting thread that pumps stdin and redirects it to the bsp server...
Starting thread that pumps server stdout and redirects it to the client stdout...
[0m2021.09.04 20:50:48 INFO  tracing is disabled for protocol BSP, to enable tracing of incoming and outgoing JSON messages create an empty file at /home/xgboost/.cache/metals/bsp.trace.json[0m
[0m2021.09.04 20:50:48 INFO  time: Connected to build server in 4.07s[0m
[0m2021.09.04 20:50:48 INFO  Connected to Build server: Bloop v1.4.8-19-4d9f966b[0m
[0m2021.09.04 20:50:48 INFO  time: Imported build in 0.12s[0m
[0m2021.09.04 20:50:52 INFO  time: indexed workspace in 3.84s[0m
Unexpected exception when forwarding server stdin ---> client stdout
Unexpected exception when forwarding server stdin ---> client stdout
Unexpected exception when forwarding server stdin ---> client stdout
java.io.IOException: com.sun.jna.LastErrorException: [104] Connection reset by peer
	at bloop.sockets.UnixDomainSocket$UnixDomainSocketInputStream.doRead(UnixDomainSocket.java:171)
	at bloop.sockets.UnixDomainSocket$UnixDomainSocketInputStream.read(UnixDomainSocket.java:156)
	at java.base/java.nio.channels.Channels$ReadableByteChannelImpl.read(Channels.java:388)
	at bloop.launcher.bsp.BspBridge.copyContents(BspBridge.scala:289)
	at bloop.launcher.bsp.BspBridge.forwardStreamContents(BspBridge.scala:275)
	at bloop.launcher.bsp.BspBridge.$anonfun$wireBspConnectionStreams$2(BspBridge.scala:228)
	at bloop.bloopgun.core.Shell$$anon$2.run(Shell.scala:155)
Caused by: com.sun.jna.LastErrorException: [104] Connection reset by peer
	at bloop.sockets.UnixDomainSocketLibrary.read(Native Method)
	at bloop.sockets.UnixDomainSocket$UnixDomainSocketInputStream.doRead(UnixDomainSocket.java:169)
	... 6 more
java.io.IOException: com.sun.jna.LastErrorException: [104] Connection reset by peer
	at bloop.sockets.UnixDomainSocket$UnixDomainSocketInputStream.doRead(UnixDomainSocket.java:171)
	at bloop.sockets.UnixDomainSocket$UnixDomainSocketInputStream.read(UnixDomainSocket.java:156)
	at java.base/java.nio.channels.Channels$ReadableByteChannelImpl.read(Channels.java:388)
	at bloop.launcher.bsp.BspBridge.copyContents(BspBridge.scala:289)
	at bloop.launcher.bsp.BspBridge.forwardStreamContents(BspBridge.scala:275)
	at bloop.launcher.bsp.BspBridge.$anonfun$wireBspConnectionStreams$2(BspBridge.scala:228)
	at bloop.bloopgun.core.Shell$$anon$2.run(Shell.scala:155)
Caused by: com.sun.jna.LastErrorException: [104] Connection reset by peer
	at bloop.sockets.UnixDomainSocketLibrary.read(Native Method)
	at bloop.sockets.UnixDomainSocket$UnixDomainSocketInputStream.doRead(UnixDomainSocket.java:169)
	... 6 more
java.io.IOException: com.sun.jna.LastErrorException: [104] Connection reset by peer
	at bloop.sockets.UnixDomainSocket$UnixDomainSocketInputStream.doRead(UnixDomainSocket.java:171)
	at bloop.sockets.UnixDomainSocket$UnixDomainSocketInputStream.read(UnixDomainSocket.java:156)
	at java.base/java.nio.channels.Channels$ReadableByteChannelImpl.read(Channels.java:388)
	at bloop.launcher.bsp.BspBridge.copyContents(BspBridge.scala:289)
	at bloop.launcher.bsp.BspBridge.forwardStreamContents(BspBridge.scala:275)
	at bloop.launcher.bsp.BspBridge.$anonfun$wireBspConnectionStreams$2(BspBridge.scala:228)
	at bloop.bloopgun.core.Shell$$anon$2.run(Shell.scala:155)
Caused by: com.sun.jna.LastErrorException: [104] Connection reset by peer
	at bloop.sockets.UnixDomainSocketLibrary.read(Native Method)
	at bloop.sockets.UnixDomainSocket$UnixDomainSocketInputStream.doRead(UnixDomainSocket.java:169)
	... 6 more
