[0m2021.07.31 04:49:54 INFO  Started: Metals version 0.10.5 in workspace '/home/xgboost/workspace/objsets' for client coc.nvim 0.0.80.[0m
[0m2021.07.31 04:49:56 INFO  time: initialize in 1.62s[0m
[0m2021.07.31 04:49:56 WARN  Build server is not auto-connectable.[0m
[0m2021.07.31 04:49:56 WARN  no build target for: /home/xgboost/workspace/objsets/build.sbt[0m
[0m2021.07.31 04:49:58 INFO  running '/usr/lib/jvm/java-11-openjdk-amd64/bin/java -Djline.terminal=jline.UnsupportedTerminal -Dsbt.log.noformat=true -Dfile.encoding=UTF-8 -Dhttp.proxyHost=child-prc.intel.com -Dhttp.proxyPort=913 -Dhttps.proxyHost=child-prc.intel.com -Dhttps.proxyPort=913 -jar /tmp/metals15780824298645088869/sbt-launch.jar -Dbloop.export-jar-classifiers=sources bloopInstall'[0m
[0m2021.07.31 04:49:59 INFO  no build target: using presentation compiler with only scala-library: 2.12.14[0m
[0m2021.07.31 04:50:02 INFO  [info] Loading settings for project objsets-build-build-build from metals.sbt ...[0m
[0m2021.07.31 04:50:02 INFO  [info] Loading project definition from /home/xgboost/workspace/objsets/project/project/project[0m
[0m2021.07.31 04:50:04 INFO  [info] Loading settings for project objsets-build-build from metals.sbt ...[0m
[0m2021.07.31 04:50:04 INFO  [info] Loading project definition from /home/xgboost/workspace/objsets/project/project[0m
[0m2021.07.31 04:50:08 INFO  [success] Generated .bloop/objsets-build-build.json[0m
[0m2021.07.31 04:50:08 INFO  [success] Total time: 3 s, completed Jul 31, 2021, 4:50:08 AM[0m
[0m2021.07.31 04:50:08 INFO  [info] Loading settings for project objsets-build from plugins.sbt,buildSettings.sbt,metals.sbt ...[0m
[0m2021.07.31 04:50:08 INFO  [info] Loading project definition from /home/xgboost/workspace/objsets/project[0m
[0m2021.07.31 04:50:10 INFO  [success] Generated .bloop/objsets-build.json[0m
[0m2021.07.31 04:50:10 INFO  [success] Total time: 2 s, completed Jul 31, 2021, 4:50:10 AM[0m
[0m2021.07.31 04:50:12 INFO  [info] Loading settings for project objsets from build.sbt,assignment.sbt ...[0m
[0m2021.07.31 04:50:12 INFO  [info] Set current project to progfun1-objsets (in build file:/home/xgboost/workspace/objsets/)[0m
[0m2021.07.31 04:50:12 INFO  [success] Generated .bloop/objsets-test.json[0m
[0m2021.07.31 04:50:12 INFO  [success] Generated .bloop/objsets.json[0m
[0m2021.07.31 04:50:12 INFO  [success] Total time: 1 s, completed Jul 31, 2021, 4:50:13 AM[0m
[0m2021.07.31 04:50:13 INFO  sbt bloopInstall exit: 0[0m
[0m2021.07.31 04:50:13 INFO  time: ran 'sbt bloopInstall' in 14s[0m
[0m2021.07.31 04:50:13 INFO  Attempting to connect to the build server...[0m
Starting the bsp launcher for bloop...
Opening a bsp server connection with 'bsp --protocol local --socket /tmp/bsp-launcher13983031055361955606/bsp.socket'...
Waiting for the bsp connection to come up...
[0m[32m[D][0m Loading 2 projects from '/home/xgboost/workspace/objsets/.bloop'...
[0m[32m[D][0m Loading project from '/home/xgboost/workspace/objsets/.bloop/objsets.json'
[0m[32m[D][0m Loading project from '/home/xgboost/workspace/objsets/.bloop/objsets-test.json'
[0m[32m[D][0m Cache miss for scala instance org.scala-lang:scala-compiler:2.13.0.
[0m[32m[D][0m   => /home/xgboost/.cache/coursier/v1/https/repo1.maven.org/maven2/jline/jline/2.14.6/jline-2.14.6.jar
[0m[32m[D][0m   => /home/xgboost/.cache/coursier/v1/https/repo1.maven.org/maven2/org/scala-lang/scala-compiler/2.13.0/scala-compiler-2.13.0.jar
[0m[32m[D][0m   => /home/xgboost/.cache/coursier/v1/https/repo1.maven.org/maven2/org/scala-lang/scala-compiler/2.13.0/scala-compiler-2.13.0.jar
[0m[32m[D][0m   => /home/xgboost/.cache/coursier/v1/https/repo1.maven.org/maven2/org/scala-lang/scala-library/2.13.0/scala-library-2.13.0.jar
[0m[32m[D][0m   => /home/xgboost/.cache/coursier/v1/https/repo1.maven.org/maven2/org/scala-lang/scala-library/2.13.0/scala-library-2.13.0.jar
[0m[32m[D][0m   => /home/xgboost/.cache/coursier/v1/https/repo1.maven.org/maven2/org/scala-lang/scala-reflect/2.13.0/scala-reflect-2.13.0.jar
[0m[32m[D][0m Missing analysis file for project 'objsets-test'
[0m[32m[D][0m Missing analysis file for project 'objsets'
[0m[32m[D][0m Waiting for a connection at local:///tmp/bsp-launcher13983031055361955606/bsp.socket...
The server is listening for incoming connections at local:///tmp/bsp-launcher13983031055361955606/bsp.socket...
Starting thread that pumps stdin and redirects it to the bsp server...
Starting thread that pumps server stdout and redirects it to the client stdout...
[0m2021.07.31 04:50:13 INFO  tracing is disabled for protocol BSP, to enable tracing of incoming and outgoing JSON messages create an empty file at /home/xgboost/.cache/metals/bsp.trace.json[0m
[0m2021.07.31 04:50:13 INFO  Attempting to connect to the build server...[0m
[0m2021.07.31 04:50:13 INFO  Attempting to connect to the build server...[0mStarting the bsp launcher for bloop...

Opening a bsp server connection with 'bsp --protocol local --socket /tmp/bsp-launcher9054732578067743535/bsp.socket'...
Waiting for the bsp connection to come up...
Starting the bsp launcher for bloop...
Opening a bsp server connection with 'bsp --protocol local --socket /tmp/bsp-launcher14639571515137115957/bsp.socket'...
Waiting for the bsp connection to come up...
[0m[32m[D][0m Loading workspace settings from bloop.settings.json
[0m[32m[D][0m Waiting for a connection at local:///tmp/bsp-launcher9054732578067743535/bsp.socket...
The server is listening for incoming connections at local:///tmp/bsp-launcher9054732578067743535/bsp.socket...
[0m[32m[D][0m Loading workspace settings from bloop.settings.json
[0m[32m[D][0m Waiting for a connection at local:///tmp/bsp-launcher14639571515137115957/bsp.socket...
The server is listening for incoming connections at local:///tmp/bsp-launcher14639571515137115957/bsp.socket...
Starting thread that pumps stdin and redirects it to the bsp server...
Starting thread that pumps server stdout and redirects it to the client stdout...
Starting thread that pumps stdin and redirects it to the bsp server...
Starting thread that pumps server stdout and redirects it to the client stdout...
[0m2021.07.31 04:50:14 INFO  tracing is disabled for protocol BSP, to enable tracing of incoming and outgoing JSON messages create an empty file at /home/xgboost/.cache/metals/bsp.trace.json[0m
[0m2021.07.31 04:50:14 INFO  tracing is disabled for protocol BSP, to enable tracing of incoming and outgoing JSON messages create an empty file at /home/xgboost/.cache/metals/bsp.trace.json[0m
[0m2021.07.31 04:50:14 INFO  time: Connected to build server in 0.36s[0m
[0m2021.07.31 04:50:14 INFO  Connected to Build server: Bloop v1.4.8-19-4d9f966b[0m
[0m2021.07.31 04:50:16 WARN  Could not find java sources in None. Java symbols will not be available.[0m
[0m2021.07.31 04:50:18 INFO  time: indexed workspace in 3.99s[0m
[0m2021.07.31 04:50:18 WARN  unsupported Scala 2.12.7[0m
[0m2021.07.31 04:50:18 INFO  compiling objsets-build (2 scala sources)[0m
[0m2021.07.31 04:50:23 INFO  time: compiled objsets-build in 5.38s[0m
[0m2021.07.31 04:55:23 WARN  unsupported Scala 2.12.7[0m
[0m2021.07.31 04:55:24 INFO  no build target: using presentation compiler with only scala-library: 2.13.0[0m
[0m2021.07.31 04:55:31 INFO  compiling objsets (4 scala sources)[0m
[0m2021.07.31 04:55:36 INFO  time: compiled objsets in 4.56s[0m
[0m2021.07.31 04:55:37 INFO  time: code lens generation in 13s[0m
[0m2021.07.31 05:02:43 WARN  unsupported Scala 2.12.7[0m
[0m2021.07.31 05:02:43 INFO  Shut down connection with build server.[0m
[0m2021.07.31 05:02:43 INFO  Shut down connection with build server.[0m
No more data in the server stdin, exiting...[0m
2021.07.31 05:02:43 INFO  Shut down connection with build server.[0m
No more data in the server stdin, exiting...
No more data in the server stdin, exiting...
No more data in the client stdin, exiting...
No more data in the server stdin, exiting...
No more data in the server stdin, exiting...
No more data in the server stdin, exiting...
No more data in the client stdin, exiting...
No more data in the client stdin, exiting...
[0m2021.07.31 18:43:41 INFO  Started: Metals version 0.10.5 in workspace '/home/xgboost/workspace/objsets' for client coc.nvim 0.0.80.[0m
[0m2021.07.31 18:43:43 INFO  time: initialize in 1.5s[0m
[0m2021.07.31 18:43:43 INFO  Attempting to connect to the build server...[0m
Starting the bsp launcher for bloop...
Opening a bsp server connection with 'bsp --protocol local --socket /tmp/bsp-launcher8910560066683368671/bsp.socket'...
Waiting for the bsp connection to come up...
[0m2021.07.31 18:43:43 WARN  no build target for: /home/xgboost/workspace/objsets/src/main/scala/objsets/TweetSet.scala[0m
[0m[32m[D][0m Loading workspace settings from bloop.settings.json
[0m[32m[D][0m Waiting for a connection at local:///tmp/bsp-launcher8910560066683368671/bsp.socket...
The server is listening for incoming connections at local:///tmp/bsp-launcher8910560066683368671/bsp.socket...
[0m2021.07.31 18:43:43 INFO  skipping build import with status 'Installed'[0m
Starting thread that pumps stdin and redirects it to the bsp server...
Starting thread that pumps server stdout and redirects it to the client stdout...
[0m2021.07.31 18:43:43 INFO  tracing is disabled for protocol BSP, to enable tracing of incoming and outgoing JSON messages create an empty file at /home/xgboost/.cache/metals/bsp.trace.json[0m
[0m2021.07.31 18:43:43 INFO  Attempting to connect to the build server...[0m
[0m2021.07.31 18:43:43 INFO  Attempting to connect to the build server...[0m
Starting the bsp launcher for bloop...
Starting the bsp launcher for bloop...
Opening a bsp server connection with 'bsp --protocol local --socket /tmp/bsp-launcher3537867214788559788/bsp.socket'...
Opening a bsp server connection with 'bsp --protocol local --socket /tmp/bsp-launcher4417560433544017853/bsp.socket'...
Waiting for the bsp connection to come up...
Waiting for the bsp connection to come up...
[0m[32m[D][0m Loading workspace settings from bloop.settings.json
[0m[32m[D][0m Waiting for a connection at local:///tmp/bsp-launcher3537867214788559788/bsp.socket...
The server is listening for incoming connections at local:///tmp/bsp-launcher3537867214788559788/bsp.socket...
[0m[32m[D][0m Loading workspace settings from bloop.settings.json
[0m[32m[D][0m Waiting for a connection at local:///tmp/bsp-launcher4417560433544017853/bsp.socket...
The server is listening for incoming connections at local:///tmp/bsp-launcher4417560433544017853/bsp.socket...
Starting thread that pumps stdin and redirects it to the bsp server...
Starting thread that pumps stdin and redirects it to the bsp server...
Starting thread that pumps server stdout and redirects it to the client stdout...
Starting thread that pumps server stdout and redirects it to the client stdout...
[0m2021.07.31 18:43:44 INFO  tracing is disabled for protocol BSP, to enable tracing of incoming and outgoing JSON messages create an empty file at /home/xgboost/.cache/metals/bsp.trace.json[0m
[0m2021.07.31 18:43:44 INFO  tracing is disabled for protocol BSP, to enable tracing of incoming and outgoing JSON messages create an empty file at /home/xgboost/.cache/metals/bsp.trace.json[0m
[0m2021.07.31 18:43:44 INFO  time: Connected to build server in 0.41s[0m
[0m2021.07.31 18:43:44 INFO  Connected to Build server: Bloop v1.4.8-19-4d9f966b[0m
[0m2021.07.31 18:43:46 INFO  no build target: using presentation compiler with only scala-library: 2.12.14[0m
[0m2021.07.31 18:43:48 WARN  Could not find java sources in None. Java symbols will not be available.[0m
[0m2021.07.31 18:43:48 INFO  time: indexed workspace in 2.32s[0m
[0m2021.07.31 18:43:51 INFO  compiling objsets-test (1 scala source)[0m
[0m2021.07.31 18:43:51 INFO  time: compiled objsets-test in 16ms[0m
[0m2021.08.02 04:02:30 INFO  compiling objsets (1 scala source)[0m
[0m2021.08.02 04:02:30 INFO  time: compiled objsets in 0.23s[0m
No more data in the server stdin, exiting...
No more data in the server stdin, exiting...
No more data in the server stdin, exiting...[0m
2021.08.02 04:19:42 No more data in the server stdin, exiting...INFO  Shut down connection with build server.[0m

No more data in the server stdin, exiting...
No more data in the server stdin, exiting...
[0m2021.08.02 04:19:42 INFO  Shut down connection with build server.[0m
[0m2021.08.02 04:19:42No more data in the client stdin, exiting... 
INFO  Shut down connection with build server.[0m
No more data in the client stdin, exiting...
No more data in the client stdin, exiting...
[0m2021.08.02 04:21:42 INFO  Started: Metals version 0.10.5 in workspace '/home/xgboost/workspace/objsets' for client coc.nvim 0.0.80.[0m
[0m2021.08.02 04:21:44 INFO  time: initialize in 1.54s[0m
[0m2021.08.02 04:21:48 INFO  Attempting to connect to the build server...[0m
Starting the bsp launcher for bloop...
[0m2021.08.02 04:21:48 WARN  no build target for: /home/xgboost/workspace/objsets/src/main/scala/objsets/TweetSet.scala[0m
Opening a bsp server connection with 'bsp --protocol local --socket /tmp/bsp-launcher7284067079090027633/bsp.socket'...
Waiting for the bsp connection to come up...
[0m[32m[D][0m Loading workspace settings from bloop.settings.json
[0m[32m[D][0m Waiting for a connection at local:///tmp/bsp-launcher7284067079090027633/bsp.socket...
The server is listening for incoming connections at local:///tmp/bsp-launcher7284067079090027633/bsp.socket...
[0m2021.08.02 04:21:48 INFO  skipping build import with status 'Installed'[0m
Starting thread that pumps stdin and redirects it to the bsp server...
Starting thread that pumps server stdout and redirects it to the client stdout...
[0m2021.08.02 04:21:48 INFO  tracing is disabled for protocol BSP, to enable tracing of incoming and outgoing JSON messages create an empty file at /home/xgboost/.cache/metals/bsp.trace.json[0m
[0m2021.08.02 04:21:48 INFO  Attempting to connect to the build server...[0m
[0m2021.08.02 04:21:48 Starting the bsp launcher for bloop...INFO  
Attempting to connect to the build server...[0m
Opening a bsp server connection with 'bsp --protocol local --socket /tmp/bsp-launcher12422947538071917963/bsp.socket'...
Waiting for the bsp connection to come up...
Starting the bsp launcher for bloop...
Opening a bsp server connection with 'bsp --protocol local --socket /tmp/bsp-launcher2995813146357749841/bsp.socket'...
Waiting for the bsp connection to come up...
[0m[32m[D][0m Loading workspace settings from bloop.settings.json
[0m[32m[D][0m Waiting for a connection at local:///tmp/bsp-launcher2995813146357749841/bsp.socket...
The server is listening for incoming connections at local:///tmp/bsp-launcher2995813146357749841/bsp.socket...
[0m[32m[D][0m Loading workspace settings from bloop.settings.json
[0m[32m[D][0m Waiting for a connection at local:///tmp/bsp-launcher12422947538071917963/bsp.socket...
The server is listening for incoming connections at local:///tmp/bsp-launcher12422947538071917963/bsp.socket...
Starting thread that pumps stdin and redirects it to the bsp server...
Starting thread that pumps server stdout and redirects it to the client stdout...
Starting thread that pumps stdin and redirects it to the bsp server...
Starting thread that pumps server stdout and redirects it to the client stdout...
[0m2021.08.02 04:21:48 INFO  tracing is disabled for protocol BSP, to enable tracing of incoming and outgoing JSON messages create an empty file at /home/xgboost/.cache/metals/bsp.trace.json[0m
[0m2021.08.02 04:21:48 INFO  tracing is disabled for protocol BSP, to enable tracing of incoming and outgoing JSON messages create an empty file at /home/xgboost/.cache/metals/bsp.trace.json[0m
[0m2021.08.02 04:21:48 INFO  time: Connected to build server in 0.39s[0m
[0m2021.08.02 04:21:48 INFO  Connected to Build server: Bloop v1.4.8-19-4d9f966b[0m
[0m2021.08.02 04:21:51 INFO  no build target: using presentation compiler with only scala-library: 2.12.14[0m
[0m2021.08.02 04:21:53 WARN  Could not find java sources in None. Java symbols will not be available.[0m
[0m2021.08.02 04:21:53 INFO  time: indexed workspace in 2.32s[0m
[0m2021.08.02 06:25:02 INFO  Shut down connection with build server.[0m
[0m2021.08.02 06:25:02 INFO  Shut down connection with build server.[0m
[0m2021.08.02 06:25:02No more data in the server stdin, exiting... INFO 
 Shut down connection with build server.No more data in the server stdin, exiting...[0m

No more data in the server stdin, exiting...
No more data in the server stdin, exiting...
No more data in the client stdin, exiting...
No more data in the client stdin, exiting...
No more data in the server stdin, exiting...
No more data in the server stdin, exiting...
No more data in the client stdin, exiting...
[0m2021.08.03 23:32:07 INFO  Started: Metals version 0.10.5 in workspace '/home/xgboost/workspace/objsets' for client coc.nvim 0.0.80.[0m
[0m2021.08.03 23:32:09 INFO  time: initialize in 1.57s[0m
[0m2021.08.03 23:32:13 INFO  Attempting to connect to the build server...[0m
Starting the bsp launcher for bloop...
Opening a bsp server connection with 'bsp --protocol local --socket /tmp/bsp-launcher16252423867125537463/bsp.socket'...
Waiting for the bsp connection to come up...[0m
2021.08.03 23:32:13 WARN  no build target for: /home/xgboost/workspace/objsets/src/main/scala/objsets/TweetSetInterface.scala[0m
[0m[32m[D][0m Loading workspace settings from bloop.settings.json
[0m[32m[D][0m Waiting for a connection at local:///tmp/bsp-launcher16252423867125537463/bsp.socket...
The server is listening for incoming connections at local:///tmp/bsp-launcher16252423867125537463/bsp.socket...
[0m2021.08.03 23:32:13 INFO  skipping build import with status 'Installed'[0m
Starting thread that pumps stdin and redirects it to the bsp server...
Starting thread that pumps server stdout and redirects it to the client stdout...
[0m2021.08.03 23:32:13 INFO  tracing is disabled for protocol BSP, to enable tracing of incoming and outgoing JSON messages create an empty file at /home/xgboost/.cache/metals/bsp.trace.json[0m
[0m2021.08.03 23:32:13 INFO  Attempting to connect to the build server...[0m
Starting the bsp launcher for bloop...
[0m2021.08.03 23:32:13 INFO  Attempting to connect to the build server...[0m
Opening a bsp server connection with 'bsp --protocol local --socket /tmp/bsp-launcher9118656040192273029/bsp.socket'...
Waiting for the bsp connection to come up...
Starting the bsp launcher for bloop...
Opening a bsp server connection with 'bsp --protocol local --socket /tmp/bsp-launcher13414826993073023794/bsp.socket'...
Waiting for the bsp connection to come up...
[0m[32m[D][0m Loading workspace settings from bloop.settings.json
[0m[32m[D][0m Waiting for a connection at local:///tmp/bsp-launcher13414826993073023794/bsp.socket...
The server is listening for incoming connections at local:///tmp/bsp-launcher13414826993073023794/bsp.socket...
Starting thread that pumps stdin and redirects it to the bsp server...
Starting thread that pumps server stdout and redirects it to the client stdout...
[0m2021.08.03 23:32:13 INFO  tracing is disabled for protocol BSP, to enable tracing of incoming and outgoing JSON messages create an empty file at /home/xgboost/.cache/metals/bsp.trace.json[0m
[0m[32m[D][0m Loading workspace settings from bloop.settings.json
[0m[32m[D][0m Waiting for a connection at local:///tmp/bsp-launcher9118656040192273029/bsp.socket...
The server is listening for incoming connections at local:///tmp/bsp-launcher9118656040192273029/bsp.socket...
Starting thread that pumps stdin and redirects it to the bsp server...
Starting thread that pumps server stdout and redirects it to the client stdout...
[0m2021.08.03 23:32:13 INFO  tracing is disabled for protocol BSP, to enable tracing of incoming and outgoing JSON messages create an empty file at /home/xgboost/.cache/metals/bsp.trace.json[0m
[0m2021.08.03 23:32:13 INFO  time: Connected to build server in 0.35s[0m
[0m2021.08.03 23:32:13 INFO  Connected to Build server: Bloop v1.4.8-19-4d9f966b[0m
[0m2021.08.03 23:32:16 INFO  no build target: using presentation compiler with only scala-library: 2.12.14[0m
[0m2021.08.03 23:32:18 WARN  Could not find java sources in None. Java symbols will not be available.[0m
[0m2021.08.03 23:32:18 INFO  time: indexed workspace in 2.26s[0m
No more data in the server stdin, exiting...
[0m2021.08.04 17:21:57 INFO  No more data in the server stdin, exiting...Shut down connection with build server.
[0m
No more data in the server stdin, exiting...
[0mNo more data in the server stdin, exiting...
No more data in the server stdin, exiting...2021.08.04 17:21:57
 INFO  No more data in the server stdin, exiting...Shut down connection with build server.
[0m
[0m2021.08.04 17:21:57 INFO  Shut down connection with build server.[0m
No more data in the client stdin, exiting...
No more data in the client stdin, exiting...
No more data in the client stdin, exiting...
[0m2021.08.06 04:52:33 INFO  Started: Metals version 0.10.5 in workspace '/home/xgboost/workspace/objsets' for client coc.nvim 0.0.80.[0m
[0m2021.08.06 04:52:34 INFO  time: initialize in 1.55s[0m
